=== STARTING JOB: Tue Nov 18 11:13:45 CET 2025 ===
Job is running on node: hgx1
Conda initialized.
Permanent tile storage: /home/inf151561/sol3/train_tiles_permanent
Temporary /raid tile storage for this job: /raid/users/inf151561/sol3_job_783417/train_tiles
Verifying PyTorch can access the GPU...
CUDA is available. GPU Name: NVIDIA A100-SXM4-80GB
Cleaning Python __pycache__ directories...
Verification successful.
Permanent tile directory not found or empty. Running preprocessing...
============================================================
Starting Preprocessing Stage
============================================================
Loaded ../data/train.csv - 754 records
Found 754 .tif images in ../data/train
[1/754] Processing d7dcea_0.tif | 25216x52532 | Label: CE
[1/754] Done d7dcea_0.tif - 21 tiles saved (17.7s)
[2/754] Processing 616c62_0.tif | 20840x49796 | Label: CE
[2/754] Done 616c62_0.tif - 519 tiles saved (15.5s)
[3/754] Processing 52bc2d_0.tif | 31857x49745 | Label: CE
[3/754] Done 52bc2d_0.tif - 4 tiles saved (21.2s)
[4/754] Processing f95d8b_0.tif | 27476x43310 | Label: CE
[4/754] Done f95d8b_0.tif - 710 tiles saved (18.3s)
[5/754] Processing 45a0e5_0.tif | 15410x29532 | Label: CE
[5/754] Done 45a0e5_0.tif - 4 tiles saved (6.2s)
[6/754] Processing 4919a7_0.tif | 26225x74660 | Label: LAA
[6/754] Done 4919a7_0.tif - 1087 tiles saved (29.8s)
[7/754] Processing f322da_0.tif | 20784x61781 | Label: CE
[7/754] Done f322da_0.tif - 1367 tiles saved (21.4s)
[8/754] Processing 41b23c_0.tif | 31852x51591 | Label: LAA
[8/754] Done 41b23c_0.tif - 1627 tiles saved (26.6s)
[9/754] Processing f8712b_0.tif | 17601x35984 | Label: CE
[9/754] Done f8712b_0.tif - 242 tiles saved (8.8s)
[10/754] Processing bc9536_0.tif | 20905x35044 | Label: LAA
[10/754] Done bc9536_0.tif - 510 tiles saved (10.8s)
[11/754] Processing e10f49_0.tif | 18008x54326 | Label: CE
[11/754] Done e10f49_0.tif - 48 tiles saved (12.4s)
[12/754] Processing 78c1c9_0.tif | 20986x15675 | Label: CE
[12/754] Done 78c1c9_0.tif - 489 tiles saved (5.8s)
[13/754] Processing 8a17b7_0.tif | 12070x36924 | Label: LAA
[13/754] Done 8a17b7_0.tif - 344 tiles saved (6.9s)
[14/754] Processing f5ce23_0.tif | 79759x21077 | Label: LAA
[14/754] Done f5ce23_0.tif - 1398 tiles saved (28.1s)
[15/754] Processing 424c9d_0.tif | 27306x80189 | Label: LAA
[15/754] Done 424c9d_0.tif - 2569 tiles saved (36.3s)
[16/754] Processing 4dfe1e_0.tif | 15390x34142 | Label: LAA
[16/754] Done 4dfe1e_0.tif - 135 tiles saved (7.3s)
[17/754] Processing 383f05_0.tif | 21975x41492 | Label: CE
[17/754] Done 383f05_0.tif - 1610 tiles saved (16.9s)
[18/754] Processing 2e8763_0.tif | 13206x26770 | Label: LAA
[18/754] Done 2e8763_0.tif - 18 tiles saved (4.9s)
[19/754] Processing d53ab7_0.tif | 41664x70897 | Label: CE
[19/754] Done d53ab7_0.tif - 3191 tiles saved (48.1s)
[20/754] Processing 983df1_0.tif | 35228x34050 | Label: CE
[20/754] Done 983df1_0.tif - 1065 tiles saved (18.4s)
[21/754] Processing d7dc3e_0.tif | 8834x37792 | Label: CE
[21/754] Done d7dc3e_0.tif - 117 tiles saved (5.8s)
[22/754] Processing 5bfaf8_0.tif | 67795x30120 | Label: CE
[22/754] Done 5bfaf8_0.tif - 1086 tiles saved (37.2s)
[23/754] Processing 29b1b7_0.tif | 22003x34112 | Label: LAA
[23/754] Done 29b1b7_0.tif - 483 tiles saved (11.0s)
[24/754] Processing f9c105_0.tif | 37885x18876 | Label: CE
[24/754] Done f9c105_0.tif - 503 tiles saved (13.3s)
[25/754] Processing cb2534_1.tif | 28628x30389 | Label: CE
[25/754] Done cb2534_1.tif - 1223 tiles saved (15.8s)
[26/754] Processing 5ae30a_0.tif | 51843x17631 | Label: LAA
[26/754] Done 5ae30a_0.tif - 589 tiles saved (14.9s)
[27/754] Processing fb8bf8_0.tif | 49849x19714 | Label: CE
[27/754] Done fb8bf8_0.tif - 903 tiles saved (17.0s)
[28/754] Processing f4287c_0.tif | 29909x24958 | Label: CE
[28/754] Done f4287c_0.tif - 247 tiles saved (11.1s)
[29/754] Processing 0468a8_1.tif | 35204x40510 | Label: CE
[29/754] Done 0468a8_1.tif - 2884 tiles saved (26.6s)
[30/754] Processing f9fc6b_1.tif | 28692x16554 | Label: LAA
[30/754] Done f9fc6b_1.tif - 362 tiles saved (7.3s)
[31/754] Processing 91fee7_0.tif | 11127x16618 | Label: CE
[31/754] Done 91fee7_0.tif - 34 tiles saved (2.7s)
[32/754] Processing 32e44f_0.tif | 7814x4470 | Label: CE
[32/754] Done 32e44f_0.tif - 9 tiles saved (0.7s)
[33/754] Processing 34c9bc_0.tif | 22020x31349 | Label: CE
[33/754] Done 34c9bc_0.tif - 769 tiles saved (11.6s)
[34/754] Processing b342b0_0.tif | 36176x70934 | Label: CE
[34/754] Done b342b0_0.tif - 1871 tiles saved (39.8s)
[35/754] Processing 4f6fb1_3.tif | 10979x35086 | Label: CE
[35/754] Done 4f6fb1_3.tif - 614 tiles saved (7.0s)
[36/754] Processing 0ed87f_0.tif | 6285x19149 | Label: CE
[36/754] Done 0ed87f_0.tif - 59 tiles saved (2.1s)
[37/754] Processing 1d6d4f_0.tif | 17585x38748 | Label: CE
[37/754] Done 1d6d4f_0.tif - 778 tiles saved (11.3s)
[38/754] Processing 026c97_0.tif | 10533x8267 | Label: CE
[38/754] Done 026c97_0.tif - 179 tiles saved (3.4s)
[39/754] Processing 7cf058_0.tif | 21949x47023 | Label: CE
[39/754] Done 7cf058_0.tif - 908 tiles saved (15.9s)
[40/754] Processing bd783d_1.tif | 12105x29548 | Label: CE
[40/754] Done bd783d_1.tif - 206 tiles saved (5.3s)
[41/754] Processing 488cd4_0.tif | 28505x59902 | Label: CE
[41/754] Done 488cd4_0.tif - 1431 tiles saved (25.5s)
[42/754] Processing f05449_0.tif | 69789x33982 | Label: LAA
[42/754] Done f05449_0.tif - 2463 tiles saved (46.1s)
[43/754] Processing 20914b_0.tif | 37885x21769 | Label: CE
[43/754] Done 20914b_0.tif - 919 tiles saved (14.2s)
[44/754] Processing 533081_2.tif | 16516x31377 | Label: CE
[44/754] Done 533081_2.tif - 246 tiles saved (7.4s)
[45/754] Processing f2c002_0.tif | 12072x36924 | Label: CE
[45/754] Done f2c002_0.tif - 276 tiles saved (6.8s)
[46/754] Processing d8a746_0.tif | 35891x27627 | Label: CE
[46/754] Done d8a746_0.tif - 962 tiles saved (17.8s)
[47/754] Processing 8e0244_0.tif | 17665x20308 | Label: LAA
[47/754] Done 8e0244_0.tif - 765 tiles saved (7.1s)
[48/754] Processing 9eda1d_0.tif | 16416x51657 | Label: LAA
[48/754] Done 9eda1d_0.tif - 440 tiles saved (12.5s)
[49/754] Processing c42387_0.tif | 9683x32984 | Label: LAA
[49/754] Done c42387_0.tif - 176 tiles saved (4.7s)
[50/754] Processing 868720_0.tif | 51843x32248 | Label: CE
[50/754] Done 868720_0.tif - 899 tiles saved (25.3s)
[51/754] Processing f75146_1.tif | 24144x39611 | Label: CE
[51/754] Done f75146_1.tif - 103 tiles saved (13.0s)
[52/754] Processing d74701_1.tif | 23161x23046 | Label: CE
[52/754] Done d74701_1.tif - 293 tiles saved (8.1s)
[53/754] Processing 8b3323_0.tif | 6285x21005 | Label: CE
[53/754] Done 8b3323_0.tif - 75 tiles saved (2.8s)
[54/754] Processing 04f7a4_0.tif | 16470x38747 | Label: CE
[54/754] Done 04f7a4_0.tif - 579 tiles saved (10.3s)
[55/754] Processing e5f672_0.tif | 30797x64597 | Label: CE
[55/754] Done e5f672_0.tif - 540 tiles saved (27.6s)
[56/754] Processing a4e918_0.tif | 13209x29543 | Label: CE
[56/754] Done a4e918_0.tif - 527 tiles saved (7.0s)
[57/754] Processing 0bd414_0.tif | 14293x34150 | Label: LAA
[57/754] Done 0bd414_0.tif - 803 tiles saved (8.9s)
[58/754] Processing 379f1c_0.tif | 9839x44312 | Label: CE
[58/754] Done 379f1c_0.tif - 429 tiles saved (7.2s)
[59/754] Processing ae0487_0.tif | 11016x26787 | Label: LAA
[59/754] Done ae0487_0.tif - 580 tiles saved (5.8s)
[60/754] Processing 579988_0.tif | 19798x35047 | Label: CE
[60/754] Done 579988_0.tif - 704 tiles saved (11.0s)
[61/754] Processing 9fa03a_0.tif | 7390x24463 | Label: CE
[61/754] Done 9fa03a_0.tif - 131 tiles saved (3.9s)
[62/754] Processing 90ffa4_1.tif | 16493x32290 | Label: CE
[62/754] Done 90ffa4_1.tif - 110 tiles saved (7.2s)
[63/754] Processing 4e30e9_0.tif | 15505x10175 | Label: CE
[63/754] Done 4e30e9_0.tif - 363 tiles saved (3.2s)
[64/754] Processing 029c68_0.tif | 33023x34060 | Label: CE
[64/754] Done 029c68_0.tif - 1310 tiles saved (18.3s)
[65/754] Processing ffec5c_1.tif | 21963x40561 | Label: LAA
[65/754] Done ffec5c_1.tif - 416 tiles saved (12.6s)
[66/754] Processing 4929cd_0.tif | 24250x27658 | Label: CE
[66/754] Done 4929cd_0.tif - 413 tiles saved (11.3s)
[67/754] Processing 83198b_0.tif | 29600x58969 | Label: CE
[67/754] Done 83198b_0.tif - 1414 tiles saved (26.7s)
[68/754] Processing f57f2e_0.tif | 30703x58964 | Label: CE
[68/754] Done f57f2e_0.tif - 1007 tiles saved (26.9s)
[69/754] Processing 91b9d3_0.tif | 20047x7254 | Label: LAA
[69/754] Done 91b9d3_0.tif - 7 tiles saved (2.3s)
[70/754] Processing c4a601_0.tif | 21922x51630 | Label: CE
[70/754] Done c4a601_0.tif - 1148 tiles saved (18.3s)
[71/754] Processing 75ee44_0.tif | 14289x32300 | Label: LAA
[71/754] Done 75ee44_0.tif - 501 tiles saved (7.8s)
[72/754] Processing 709b79_0.tif | 34065x50662 | Label: CE
[72/754] Done 709b79_0.tif - 158 tiles saved (23.3s)
[73/754] Processing 244aeb_1.tif | 6540x5398 | Label: LAA
[73/754] Done 244aeb_1.tif - 0 tiles saved (0.8s)
[74/754] Processing de9e4c_0.tif | 25394x17511 | Label: LAA
[74/754] Done de9e4c_0.tif - 273 tiles saved (6.6s)
[75/754] Processing 313d30_0.tif | 15290x56271 | Label: LAA
[75/754] Done 313d30_0.tif - 621 tiles saved (13.2s)
[76/754] Processing 9a807e_0.tif | 22923x74677 | Label: CE
[76/754] Done 9a807e_0.tif - 475 tiles saved (23.4s)
[77/754] Processing 98123e_0.tif | 21905x53471 | Label: CE
[77/754] Done 98123e_0.tif - 89 tiles saved (16.3s)
[78/754] Processing 9fc787_0.tif | 21878x59002 | Label: CE
[78/754] Done 9fc787_0.tif - 10 tiles saved (17.8s)
[79/754] Processing 2e7d16_0.tif | 35140x55263 | Label: CE
[79/754] Done 2e7d16_0.tif - 3215 tiles saved (35.7s)
[80/754] Processing 4a1152_0.tif | 28621x32234 | Label: CE
[80/754] Done 4a1152_0.tif - 17 tiles saved (14.1s)
[81/754] Processing dae554_0.tif | 13244x21243 | Label: LAA
[81/754] Done dae554_0.tif - 99 tiles saved (7.0s)
[82/754] Processing 112b6e_0.tif | 27583x21190 | Label: CE
[82/754] Done 112b6e_0.tif - 394 tiles saved (8.8s)
[83/754] Processing 354f74_0.tif | 41873x21058 | Label: LAA
[83/754] Done 354f74_0.tif - 511 tiles saved (14.1s)
[84/754] Processing c9d53d_0.tif | 30706x58042 | Label: LAA
[84/754] Done c9d53d_0.tif - 1087 tiles saved (26.3s)
[85/754] Processing abfcb7_0.tif | 16368x60876 | Label: CE
[85/754] Done abfcb7_0.tif - 2760 tiles saved (21.9s)
[86/754] Processing 75e090_0.tif | 15496x12017 | Label: CE
[86/754] Done 75e090_0.tif - 168 tiles saved (3.4s)
[87/754] Processing 049194_1.tif | 23040x50708 | Label: CE
[87/754] Done 049194_1.tif - 422 tiles saved (17.1s)
[88/754] Processing 05a1ec_0.tif | 21991x35029 | Label: CE
[88/754] Done 05a1ec_0.tif - 1043 tiles saved (14.0s)
[89/754] Processing a975ab_1.tif | 14355x53736 | Label: CE
[89/754] Done a975ab_1.tif - 41 tiles saved (12.4s)
[90/754] Processing 6015f7_0.tif | 29649x50677 | Label: LAA
[90/754] Done 6015f7_0.tif - 1564 tiles saved (25.4s)
[91/754] Processing ff14e0_0.tif | 16452x43358 | Label: CE
[91/754] Done ff14e0_0.tif - 549 tiles saved (11.3s)
[92/754] Processing 8b90fa_0.tif | 18589x57177 | Label: CE
[92/754] Done 8b90fa_0.tif - 810 tiles saved (17.0s)
[93/754] Processing 4647d7_0.tif | 15382x36910 | Label: CE
[93/754] Done 4647d7_0.tif - 290 tiles saved (8.9s)
[94/754] Processing a96be4_0.tif | 25199x57145 | Label: LAA
[94/754] Done a96be4_0.tif - 1230 tiles saved (23.3s)
[95/754] Processing e251ff_0.tif | 17690x15703 | Label: CE
[95/754] Done e251ff_0.tif - 185 tiles saved (4.5s)
[96/754] Processing 9ee0e2_0.tif | 16566x17538 | Label: LAA
[96/754] Done 9ee0e2_0.tif - 550 tiles saved (5.7s)
[97/754] Processing 55809c_0.tif | 14289x35072 | Label: CE
[97/754] Done 55809c_0.tif - 1026 tiles saved (10.2s)
[98/754] Processing 0d533f_0.tif | 53837x26870 | Label: CE
[98/754] Done 0d533f_0.tif - 886 tiles saved (23.0s)
[99/754] Processing fa9050_0.tif | 12121x27707 | Label: CE
[99/754] Done fa9050_0.tif - 318 tiles saved (5.6s)
[100/754] Processing 9efc03_0.tif | 15404x31377 | Label: CE
[100/754] Done 9efc03_0.tif - 530 tiles saved (8.1s)
[101/754] Processing 4bfb94_0.tif | 21895x57162 | Label: CE
[101/754] Done 4bfb94_0.tif - 703 tiles saved (19.0s)
[102/754] Processing e96bd3_0.tif | 38420x58005 | Label: CE
[102/754] Done e96bd3_0.tif - 1368 tiles saved (35.7s)
[103/754] Processing 3b2c59_0.tif | 21894x58085 | Label: CE
[103/754] Done 3b2c59_0.tif - 878 tiles saved (20.4s)
[104/754] Processing f56138_0.tif | 21001x12913 | Label: CE
[104/754] Done f56138_0.tif - 316 tiles saved (5.1s)
[105/754] Processing bff862_0.tif | 29643x47899 | Label: CE
[105/754] Done bff862_0.tif - 278 tiles saved (19.9s)
[106/754] Processing f3e9f6_1.tif | 15496x12017 | Label: LAA
[106/754] Done f3e9f6_1.tif - 136 tiles saved (4.9s)
[107/754] Processing fdce0f_1.tif | 12200x9263 | Label: CE
[107/754] Done fdce0f_1.tif - 21 tiles saved (1.9s)
[108/754] Processing 4d15a9_0.tif | 9903x27712 | Label: CE
[108/754] Done 4d15a9_0.tif - 367 tiles saved (4.8s)
[109/754] Processing 1fe0c4_0.tif | 13211x29544 | Label: CE
[109/754] Done 1fe0c4_0.tif - 553 tiles saved (7.1s)
[110/754] Processing fe9bec_0.tif | 36139x72763 | Label: LAA
[110/754] Done fe9bec_0.tif - 883 tiles saved (38.0s)
[111/754] Processing 19dd95_0.tif | 11975x57208 | Label: CE
[111/754] Done 19dd95_0.tif - 1193 tiles saved (13.1s)
[112/754] Processing 6569ba_0.tif | 20966x19361 | Label: LAA
[112/754] Done 6569ba_0.tif - 292 tiles saved (6.4s)
[113/754] Processing c3f2f8_0.tif | 19789x35041 | Label: CE
[113/754] Done c3f2f8_0.tif - 578 tiles saved (11.8s)
[114/754] Processing c6c758_0.tif | 42906x44167 | Label: CE
[114/754] Done c6c758_0.tif - 331 tiles saved (28.5s)
[115/754] Processing 42529f_0.tif | 17587x37825 | Label: CE
[115/754] Done 42529f_0.tif - 780 tiles saved (11.0s)
[116/754] Processing 03e6b7_0.tif | 11042x30284 | Label: CE
[116/754] Done 03e6b7_0.tif - 171 tiles saved (5.3s)
[117/754] Processing a22718_0.tif | 73777x24917 | Label: LAA
[117/754] Done a22718_0.tif - 1531 tiles saved (32.7s)
[118/754] Processing bb06a5_0.tif | 13591x33996 | Label: CE
[118/754] Done bb06a5_0.tif - 586 tiles saved (7.5s)
[119/754] Processing 90ffa4_0.tif | 18660x33182 | Label: CE
[119/754] Done 90ffa4_0.tif - 274 tiles saved (9.3s)
[120/754] Processing e60ca1_0.tif | 10989x31395 | Label: CE
[120/754] Done e60ca1_0.tif - 323 tiles saved (5.7s)
[121/754] Processing 5f520a_0.tif | 6625x6495 | Label: CE
[121/754] Done 5f520a_0.tif - 124 tiles saved (1.4s)
[122/754] Processing 1d0518_0.tif | 22054x23974 | Label: CE
[122/754] Done 1d0518_0.tif - 14 tiles saved (7.9s)
[123/754] Processing f4c9ff_0.tif | 17570x40589 | Label: CE
[123/754] Done f4c9ff_0.tif - 638 tiles saved (11.5s)
[124/754] Processing 6baf51_0.tif | 48282x101406 | Label: LAA
[124/754] Done 6baf51_0.tif - 4631 tiles saved (82.2s)
[125/754] Processing 4f9678_0.tif | 21923x50707 | Label: LAA
[125/754] Done 4f9678_0.tif - 675 tiles saved (17.4s)
[126/754] Processing 7f343b_0.tif | 29909x8735 | Label: CE
[126/754] Done 7f343b_0.tif - 109 tiles saved (8.9s)
[127/754] Processing 56d177_3.tif | 10533x55001 | Label: CE
[127/754] Done 56d177_3.tif - 16 tiles saved (9.1s)
[128/754] Processing 0aaeb3_0.tif | 26460x24877 | Label: CE
[128/754] Done 0aaeb3_0.tif - 233 tiles saved (9.5s)
[129/754] Processing 3ee426_0.tif | 24050x66369 | Label: LAA
[129/754] Done 3ee426_0.tif - 1235 tiles saved (24.5s)
[130/754] Processing e3f976_0.tif | 18698x35052 | Label: CE
[130/754] Done e3f976_0.tif - 826 tiles saved (11.3s)
[131/754] Processing 91b9d3_2.tif | 28704x14715 | Label: LAA
[131/754] Done 91b9d3_2.tif - 116 tiles saved (6.0s)
[132/754] Processing c97365_0.tif | 21991x35954 | Label: CE
[132/754] Done c97365_0.tif - 689 tiles saved (12.9s)
[133/754] Processing 2eb2d7_0.tif | 17583x36899 | Label: CE
[133/754] Done 2eb2d7_0.tif - 797 tiles saved (11.2s)
[134/754] Processing c07ca9_0.tif | 75771x28538 | Label: CE
[134/754] Done c07ca9_0.tif - 805 tiles saved (33.5s)
[135/754] Processing aa2f56_0.tif | 23078x40562 | Label: CE
[135/754] Done aa2f56_0.tif - 484 tiles saved (14.1s)
[136/754] Processing c1cf0d_0.tif | 15474x17552 | Label: LAA
[136/754] Done c1cf0d_0.tif - 253 tiles saved (4.9s)
[137/754] Processing a2c497_0.tif | 12147x24042 | Label: LAA
[137/754] Done a2c497_0.tif - 28 tiles saved (5.0s)
[138/754] Processing 1ffc5d_0.tif | 22938x70065 | Label: LAA
[138/754] Done 1ffc5d_0.tif - 663 tiles saved (23.7s)
[139/754] Processing d74701_0.tif | 25352x26728 | Label: CE
[139/754] Done d74701_0.tif - 279 tiles saved (10.7s)
[140/754] Processing bd0cea_0.tif | 24294x71029 | Label: CE
[140/754] Done bd0cea_0.tif - 494 tiles saved (24.3s)
[141/754] Processing 4667f6_0.tif | 28591x40539 | Label: CE
[141/754] Done 4667f6_0.tif - 477 tiles saved (16.9s)
[142/754] Processing 615d87_0.tif | 23151x24889 | Label: CE
[142/754] Done 615d87_0.tif - 161 tiles saved (8.4s)
[143/754] Processing b5aece_0.tif | 23098x38725 | Label: LAA
[143/754] Done b5aece_0.tif - 1074 tiles saved (15.3s)
[144/754] Processing 804f15_0.tif | 17616x29523 | Label: CE
[144/754] Done 804f15_0.tif - 811 tiles saved (9.5s)
[145/754] Processing 6747be_1.tif | 14309x30461 | Label: CE
[145/754] Done 6747be_1.tif - 128 tiles saved (6.5s)
[146/754] Processing 0b7871_1.tif | 25324x33182 | Label: CE
[146/754] Done 0b7871_1.tif - 750 tiles saved (14.6s)
[147/754] Processing 3d10be_1.tif | 9961x16650 | Label: CE
[147/754] Done 3d10be_1.tif - 25 tiles saved (4.4s)
[148/754] Processing 09644e_0.tif | 15341x44284 | Label: CE
[148/754] Done 09644e_0.tif - 1115 tiles saved (12.6s)
[149/754] Processing 162cad_0.tif | 23021x53471 | Label: LAA
[149/754] Done 162cad_0.tif - 334 tiles saved (17.6s)
[150/754] Processing 7f3781_0.tif | 30712x58969 | Label: CE
[150/754] Done 7f3781_0.tif - 1441 tiles saved (29.0s)
[151/754] Processing a95219_0.tif | 30826x34076 | Label: LAA
[151/754] Done a95219_0.tif - 915 tiles saved (16.8s)
[152/754] Processing 5c30ec_0.tif | 30707x58042 | Label: LAA
[152/754] Done 5c30ec_0.tif - 900 tiles saved (26.7s)
[153/754] Processing 8e0684_0.tif | 13280x13868 | Label: CE
[153/754] Done 8e0684_0.tif - 165 tiles saved (3.1s)
[154/754] Processing 437435_1.tif | 17626x27680 | Label: CE
[154/754] Done 437435_1.tif - 334 tiles saved (7.8s)
[155/754] Processing d93fd8_0.tif | 31903x12757 | Label: CE
[155/754] Done d93fd8_0.tif - 542 tiles saved (7.6s)
[156/754] Processing 5f3f01_0.tif | 18533x65470 | Label: CE
[156/754] Done 5f3f01_0.tif - 571 tiles saved (17.7s)
[157/754] Processing 2a25b9_0.tif | 14333x24004 | Label: LAA
[157/754] Done 2a25b9_0.tif - 82 tiles saved (7.0s)
[158/754] Processing 2bd8fe_0.tif | 38322x80136 | Label: LAA
[158/754] Done 2bd8fe_0.tif - 3821 tiles saved (52.5s)
[159/754] Processing e7d583_0.tif | 19752x45188 | Label: CE
[159/754] Done e7d583_0.tif - 251 tiles saved (12.9s)
[160/754] Processing 91b9d3_4.tif | 27573x23032 | Label: LAA
[160/754] Done 91b9d3_4.tif - 0 tiles saved (10.0s)
[161/754] Processing 006388_0.tif | 34007x60797 | Label: CE
[161/754] Done 006388_0.tif - 3289 tiles saved (38.3s)
[162/754] Processing d91d0f_0.tif | 19772x39654 | Label: CE
[162/754] Done d91d0f_0.tif - 982 tiles saved (13.5s)
[163/754] Processing b46f3b_0.tif | 55831x17803 | Label: CE
[163/754] Done b46f3b_0.tif - 601 tiles saved (19.6s)
[164/754] Processing d2c18a_0.tif | 24200x35946 | Label: LAA
[164/754] Done d2c18a_0.tif - 432 tiles saved (13.5s)
[165/754] Processing 5aec9b_0.tif | 27915x14432 | Label: CE
[165/754] Done 5aec9b_0.tif - 251 tiles saved (7.3s)
[166/754] Processing 2e725a_0.tif | 13226x25855 | Label: LAA
[166/754] Done 2e725a_0.tif - 202 tiles saved (5.4s)
[167/754] Processing c65db4_0.tif | 15367x39675 | Label: CE
[167/754] Done c65db4_0.tif - 976 tiles saved (11.2s)
[168/754] Processing ec3098_0.tif | 17583x62832 | Label: CE
[168/754] Done ec3098_0.tif - 307 tiles saved (15.7s)
[169/754] Processing 4550fb_0.tif | 28669x22091 | Label: CE
[169/754] Done 4550fb_0.tif - 423 tiles saved (10.0s)
[170/754] Processing 055f6a_0.tif | 16439x43353 | Label: LAA
[170/754] Done 055f6a_0.tif - 691 tiles saved (11.8s)
[171/754] Processing 52d106_0.tif | 22013x32269 | Label: CE
[171/754] Done 52d106_0.tif - 403 tiles saved (11.1s)
[172/754] Processing da732b_0.tif | 20806x54401 | Label: LAA
[172/754] Done da732b_0.tif - 1067 tiles saved (17.8s)
[173/754] Processing 8768db_0.tif | 15629x41757 | Label: CE
[173/754] Done 8768db_0.tif - 198 tiles saved (9.3s)
[174/754] Processing 5f520a_1.tif | 6710x6326 | Label: CE
[174/754] Done 5f520a_1.tif - 1 tiles saved (1.7s)
[175/754] Processing 56d177_2.tif | 8834x12653 | Label: CE
[175/754] Done 56d177_2.tif - 0 tiles saved (1.7s)
[176/754] Processing d5c637_0.tif | 24094x59920 | Label: CE
[176/754] Done d5c637_0.tif - 1737 tiles saved (25.0s)
[177/754] Processing 9dd7d8_0.tif | 29802x15632 | Label: CE
[177/754] Done 9dd7d8_0.tif - 216 tiles saved (7.1s)
[178/754] Processing 250944_0.tif | 6116x8014 | Label: CE
[178/754] Done 250944_0.tif - 145 tiles saved (2.5s)
[179/754] Processing 33da32_0.tif | 10943x40615 | Label: CE
[179/754] Done 33da32_0.tif - 110 tiles saved (6.5s)
[180/754] Processing 949107_0.tif | 13176x35996 | Label: CE
[180/754] Done 949107_0.tif - 691 tiles saved (8.8s)
[181/754] Processing df543d_0.tif | 15335x46129 | Label: CE
[181/754] Done df543d_0.tif - 920 tiles saved (12.4s)
[182/754] Processing 23d2c1_1.tif | 24087x58070 | Label: CE
[182/754] Done 23d2c1_1.tif - 735 tiles saved (20.8s)
[183/754] Processing c8912e_0.tif | 25091x83888 | Label: CE
[183/754] Done c8912e_0.tif - 3099 tiles saved (40.0s)
[184/754] Processing e732f6_1.tif | 15332x46128 | Label: CE
[184/754] Done e732f6_1.tif - 672 tiles saved (11.8s)
[185/754] Processing 82399d_2.tif | 7050x22945 | Label: CE
[185/754] Done 82399d_2.tif - 64 tiles saved (3.7s)
[186/754] Processing 9d71ef_0.tif | 19711x51638 | Label: CE
[186/754] Done 9d71ef_0.tif - 713 tiles saved (15.7s)
[187/754] Processing 89933b_0.tif | 14303x29534 | Label: LAA
[187/754] Done 89933b_0.tif - 335 tiles saved (6.6s)
[188/754] Processing a45bac_0.tif | 37885x18875 | Label: CE
[188/754] Done a45bac_0.tif - 789 tiles saved (13.0s)
[189/754] Processing 8be762_0.tif | 30709x58043 | Label: CE
[189/754] Done 8be762_0.tif - 1148 tiles saved (27.3s)
[190/754] Processing 283f35_0.tif | 15399x35070 | Label: CE
[190/754] Done 283f35_0.tif - 103 tiles saved (7.8s)
[191/754] Processing 3d10be_0.tif | 11088x12038 | Label: CE
[191/754] Done 3d10be_0.tif - 0 tiles saved (3.7s)
[192/754] Processing 5d3738_0.tif | 16466x37821 | Label: CE
[192/754] Done 5d3738_0.tif - 188 tiles saved (9.6s)
[193/754] Processing 1a2e9e_0.tif | 25293x36860 | Label: CE
[193/754] Done 1a2e9e_0.tif - 761 tiles saved (14.8s)
[194/754] Processing 862501_0.tif | 20798x56245 | Label: LAA
[194/754] Done 862501_0.tif - 769 tiles saved (18.2s)
[195/754] Processing 91b9d3_3.tif | 27426x50676 | Label: LAA
[195/754] Done 91b9d3_3.tif - 1460 tiles saved (23.0s)
[196/754] Processing f7f1bc_0.tif | 9896x31403 | Label: CE
[196/754] Done f7f1bc_0.tif - 424 tiles saved (5.7s)
[197/754] Processing 48af1a_0.tif | 19646x66391 | Label: CE
[197/754] Done 48af1a_0.tif - 715 tiles saved (21.1s)
[198/754] Processing 0468a8_0.tif | 23047x47940 | Label: CE
[198/754] Done 0468a8_0.tif - 1043 tiles saved (18.1s)
[199/754] Processing 31588e_0.tif | 15629x51121 | Label: CE
[199/754] Done 31588e_0.tif - 3 tiles saved (11.6s)
[200/754] Processing 7dd82f_1.tif | 6031x16618 | Label: LAA
[200/754] Done 7dd82f_1.tif - 65 tiles saved (2.3s)
[201/754] Processing a59c0d_0.tif | 24045x70061 | Label: CE
[201/754] Done a59c0d_0.tif - 502 tiles saved (25.7s)
[202/754] Processing 2c64b2_0.tif | 24152x47012 | Label: LAA
[202/754] Done 2c64b2_0.tif - 814 tiles saved (17.4s)
[203/754] Processing 04439c_0.tif | 16490x35061 | Label: CE
[203/754] Done 04439c_0.tif - 572 tiles saved (9.5s)
[204/754] Processing 45c6ce_0.tif | 14269x37835 | Label: CE
[204/754] Done 45c6ce_0.tif - 415 tiles saved (9.2s)
[205/754] Processing 23d2c1_2.tif | 15360x37825 | Label: CE
[205/754] Done 23d2c1_2.tif - 1053 tiles saved (10.9s)
[206/754] Processing 7633ea_0.tif | 9853x46144 | Label: CE
[206/754] Done 7633ea_0.tif - 4 tiles saved (6.4s)
[207/754] Processing abc4a3_2.tif | 25276x40548 | Label: CE
[207/754] Done abc4a3_2.tif - 206 tiles saved (14.1s)
[208/754] Processing 72ead5_0.tif | 19778x38733 | Label: LAA
[208/754] Done 72ead5_0.tif - 1235 tiles saved (14.3s)
[209/754] Processing a9c427_0.tif | 14368x16628 | Label: CE
[209/754] Done a9c427_0.tif - 366 tiles saved (4.3s)
[210/754] Processing 43eacb_0.tif | 14292x32302 | Label: CE
[210/754] Done 43eacb_0.tif - 61 tiles saved (7.3s)
[211/754] Processing 79e30d_0.tif | 17571x37817 | Label: CE
[211/754] Done 79e30d_0.tif - 593 tiles saved (11.0s)
[212/754] Processing 510d2e_0.tif | 22026x31353 | Label: CE
[212/754] Done 510d2e_0.tif - 0 tiles saved (9.4s)
[213/754] Processing 0c60b8_0.tif | 21982x38723 | Label: CE
[213/754] Done 0c60b8_0.tif - 473 tiles saved (12.8s)
[214/754] Processing 988131_0.tif | 22004x34113 | Label: LAA
[214/754] Done 988131_0.tif - 355 tiles saved (10.9s)
[215/754] Processing 205025_0.tif | 47855x29425 | Label: CE
[215/754] Done 205025_0.tif - 1182 tiles saved (24.7s)
[216/754] Processing e8dceb_0.tif | 71783x9652 | Label: CE
[216/754] Done e8dceb_0.tif - 93 tiles saved (10.7s)
[217/754] Processing 777311_1.tif | 11004x31400 | Label: CE
[217/754] Done 777311_1.tif - 360 tiles saved (5.8s)
[218/754] Processing 1f018f_0.tif | 8579x33068 | Label: LAA
[218/754] Done 1f018f_0.tif - 218 tiles saved (4.5s)
[219/754] Processing 280c26_1.tif | 12741x33659 | Label: CE
[219/754] Done 280c26_1.tif - 0 tiles saved (6.0s)
[220/754] Processing 4f7d1c_0.tif | 26303x57141 | Label: CE
[220/754] Done 4f7d1c_0.tif - 1117 tiles saved (23.4s)
[221/754] Processing 2f73a2_0.tif | 27512x35011 | Label: CE
[221/754] Done 2f73a2_0.tif - 959 tiles saved (16.1s)
[222/754] Processing 84f77e_0.tif | 28796x50868 | Label: CE
[222/754] Done 84f77e_0.tif - 34 tiles saved (19.5s)
[223/754] Processing c32d76_0.tif | 41712x60754 | Label: CE
[223/754] Done c32d76_0.tif - 1266 tiles saved (38.3s)
[224/754] Processing 70c523_2.tif | 25280x40551 | Label: LAA
[224/754] Done 70c523_2.tif - 185 tiles saved (14.4s)
[225/754] Processing 5588f9_0.tif | 33041x30373 | Label: LAA
[225/754] Done 5588f9_0.tif - 787 tiles saved (15.8s)
[226/754] Processing 88623d_0.tif | 25231x51616 | Label: CE
[226/754] Done 88623d_0.tif - 870 tiles saved (19.9s)
[227/754] Processing 7bc484_0.tif | 21925x48860 | Label: LAA
[227/754] Done 7bc484_0.tif - 1167 tiles saved (18.2s)
[228/754] Processing 09644e_4.tif | 9913x27715 | Label: CE
[228/754] Done 09644e_4.tif - 412 tiles saved (5.0s)
[229/754] Processing 53e0d7_0.tif | 15393x29523 | Label: LAA
[229/754] Done 53e0d7_0.tif - 428 tiles saved (7.4s)
[230/754] Processing df543d_1.tif | 11015x24014 | Label: CE
[230/754] Done df543d_1.tif - 87 tiles saved (4.4s)
[231/754] Processing 3ad0bb_0.tif | 10278x38720 | Label: CE
[231/754] Done 3ad0bb_0.tif - 22 tiles saved (5.5s)
[232/754] Processing 931cea_0.tif | 13283x12945 | Label: CE
[232/754] Done 931cea_0.tif - 395 tiles saved (3.5s)
[233/754] Processing 673181_0.tif | 13207x24921 | Label: CE
[233/754] Done 673181_0.tif - 121 tiles saved (4.8s)
[234/754] Processing 6fce60_0.tif | 77765x39386 | Label: LAA
[234/754] Done 6fce60_0.tif - 3422 tiles saved (59.9s)
[235/754] Processing d03362_0.tif | 10848x63668 | Label: LAA
[235/754] Done d03362_0.tif - 974 tiles saved (11.9s)
[236/754] Processing fdce0f_0.tif | 11097x9267 | Label: CE
[236/754] Done fdce0f_0.tif - 96 tiles saved (4.8s)
[237/754] Processing 280c26_0.tif | 14695x34418 | Label: CE
[237/754] Done 280c26_0.tif - 0 tiles saved (7.9s)
[238/754] Processing 0ee750_0.tif | 19797x37818 | Label: LAA
[238/754] Done 0ee750_0.tif - 686 tiles saved (12.5s)
[239/754] Processing 86e319_1.tif | 29581x64504 | Label: CE
[239/754] Done 86e319_1.tif - 1170 tiles saved (29.2s)
[240/754] Processing bf1599_0.tif | 11024x24943 | Label: LAA
[240/754] Done bf1599_0.tif - 269 tiles saved (4.6s)
[241/754] Processing 65d1b4_0.tif | 13200x31387 | Label: CE
[241/754] Done 65d1b4_0.tif - 175 tiles saved (6.3s)
[242/754] Processing b7f78e_0.tif | 23079x38713 | Label: CE
[242/754] Done b7f78e_0.tif - 298 tiles saved (12.8s)
[243/754] Processing 214cfa_0.tif | 18702x33206 | Label: CE
[243/754] Done 214cfa_0.tif - 291 tiles saved (9.6s)
[244/754] Processing 5adc4c_0.tif | 22425x38467 | Label: LAA
[244/754] Done 5adc4c_0.tif - 408 tiles saved (12.3s)
[245/754] Processing dbecb3_0.tif | 67795x24658 | Label: LAA
[245/754] Done dbecb3_0.tif - 1741 tiles saved (30.5s)
[246/754] Processing 15aab4_0.tif | 13305x9263 | Label: CE
[246/754] Done 15aab4_0.tif - 189 tiles saved (2.3s)
[247/754] Processing d98dc9_0.tif | 37885x12449 | Label: CE
[247/754] Done d98dc9_0.tif - 697 tiles saved (9.2s)
[248/754] Processing 037300_0.tif | 27346x70968 | Label: CE
[248/754] Done 037300_0.tif - 975 tiles saved (30.1s)
[249/754] Processing 83cedb_0.tif | 75771x29177 | Label: CE
[249/754] Done 83cedb_0.tif - 2589 tiles saved (44.2s)
[250/754] Processing cde001_0.tif | 28701x16569 | Label: CE
[250/754] Done cde001_0.tif - 330 tiles saved (7.4s)
[251/754] Processing 82399d_0.tif | 10957x48927 | Label: CE
[251/754] Done 82399d_0.tif - 3 tiles saved (8.8s)
[252/754] Processing ca7b57_0.tif | 9513x11472 | Label: LAA
[252/754] Done ca7b57_0.tif - 23 tiles saved (2.2s)
[253/754] Processing 63f341_0.tif | 15369x37829 | Label: CE
[253/754] Done 63f341_0.tif - 972 tiles saved (11.3s)
[254/754] Processing ef0c95_0.tif | 7814x7170 | Label: CE
[254/754] Done ef0c95_0.tif - 0 tiles saved (1.8s)
[255/754] Processing ef1b15_0.tif | 15410x30456 | Label: CE
[255/754] Done ef1b15_0.tif - 806 tiles saved (8.7s)
[256/754] Processing e0b829_0.tif | 37885x19678 | Label: CE
[256/754] Done e0b829_0.tif - 854 tiles saved (13.6s)
[257/754] Processing fa0080_0.tif | 12097x28621 | Label: CE
[257/754] Done fa0080_0.tif - 141 tiles saved (5.2s)
[258/754] Processing 4ded24_0.tif | 7220x32815 | Label: CE
[258/754] Done 4ded24_0.tif - 0 tiles saved (3.3s)
[259/754] Processing 355354_0.tif | 25351x24875 | Label: CE
[259/754] Done 355354_0.tif - 731 tiles saved (11.8s)
[260/754] Processing 8fa951_0.tif | 14384x14791 | Label: CE
[260/754] Done 8fa951_0.tif - 375 tiles saved (4.2s)
[261/754] Processing 7fa91f_0.tif | 16517x27680 | Label: CE
[261/754] Done 7fa91f_0.tif - 199 tiles saved (6.9s)
[262/754] Processing 329006_0.tif | 7645x32562 | Label: LAA
[262/754] Done 329006_0.tif - 183 tiles saved (6.3s)
[263/754] Processing c68551_0.tif | 18660x38730 | Label: CE
[263/754] Done c68551_0.tif - 204 tiles saved (10.8s)
[264/754] Processing 0bddf9_0.tif | 85741x25350 | Label: CE
[264/754] Done 0bddf9_0.tif - 1417 tiles saved (35.2s)
[265/754] Processing 557c4b_0.tif | 13134x44294 | Label: CE
[265/754] Done 557c4b_0.tif - 553 tiles saved (9.5s)
[266/754] Processing 8ebb0c_0.tif | 19767x42423 | Label: CE
[266/754] Done 8ebb0c_0.tif - 1210 tiles saved (15.3s)
[267/754] Processing 1bbcba_0.tif | 12073x35078 | Label: CE
[267/754] Done 1bbcba_0.tif - 855 tiles saved (8.4s)
[268/754] Processing 300145_0.tif | 26434x28556 | Label: LAA
[268/754] Done 300145_0.tif - 2078 tiles saved (16.9s)
[269/754] Processing b894f4_0.tif | 91723x45045 | Label: CE
[269/754] Done b894f4_0.tif - 5642 tiles saved (77.6s)
[270/754] Processing bbc5b1_0.tif | 18610x54414 | Label: CE
[270/754] Done bbc5b1_0.tif - 1499 tiles saved (18.1s)
[271/754] Processing c63918_0.tif | 9817x30454 | Label: CE
[271/754] Done c63918_0.tif - 291 tiles saved (4.9s)
[272/754] Processing 194e3f_0.tif | 12103x30471 | Label: CE
[272/754] Done 194e3f_0.tif - 378 tiles saved (6.1s)
[273/754] Processing 9452da_0.tif | 29503x84793 | Label: LAA
[273/754] Done 9452da_0.tif - 1730 tiles saved (38.6s)
[274/754] Processing 140d1a_0.tif | 8630x64599 | Label: CE
[274/754] Done 140d1a_0.tif - 642 tiles saved (9.7s)
[275/754] Processing 0fcfe9_0.tif | 39624x36796 | Label: LAA
[275/754] Done 0fcfe9_0.tif - 1802 tiles saved (24.8s)
[276/754] Processing dd6316_0.tif | 16503x32295 | Label: CE
[276/754] Done dd6316_0.tif - 422 tiles saved (8.3s)
[277/754] Processing 7428fc_0.tif | 16542x24922 | Label: CE
[277/754] Done 7428fc_0.tif - 49 tiles saved (5.8s)
[278/754] Processing b6cfea_0.tif | 11035x24024 | Label: LAA
[278/754] Done b6cfea_0.tif - 153 tiles saved (6.0s)
[279/754] Processing e65811_0.tif | 9891x31402 | Label: CE
[279/754] Done e65811_0.tif - 357 tiles saved (5.5s)
[280/754] Processing 00c058_0.tif | 15255x61801 | Label: LAA
[280/754] Done 00c058_0.tif - 813 tiles saved (15.4s)
[281/754] Processing cb4f8e_1.tif | 57825x15799 | Label: LAA
[281/754] Done cb4f8e_1.tif - 540 tiles saved (15.8s)
[282/754] Processing d4ac9a_0.tif | 15377x35061 | Label: LAA
[282/754] Done d4ac9a_0.tif - 534 tiles saved (8.8s)
[283/754] Processing e9c181_1.tif | 18607x55336 | Label: CE
[283/754] Done e9c181_1.tif - 61 tiles saved (15.0s)
[284/754] Processing eebf8d_2.tif | 14249x41522 | Label: CE
[284/754] Done eebf8d_2.tif - 687 tiles saved (10.0s)
[285/754] Processing b4a34d_0.tif | 16477x36902 | Label: CE
[285/754] Done b4a34d_0.tif - 883 tiles saved (10.8s)
[286/754] Processing 7a9bc8_0.tif | 19721x49794 | Label: LAA
[286/754] Done 7a9bc8_0.tif - 248 tiles saved (14.4s)
[287/754] Processing 915264_0.tif | 19689x59018 | Label: LAA
[287/754] Done 915264_0.tif - 613 tiles saved (17.6s)
[288/754] Processing b07b42_0.tif | 83747x47916 | Label: CE
[288/754] Done b07b42_0.tif - 3532 tiles saved (72.8s)
[289/754] Processing 6670b9_0.tif | 63807x18945 | Label: LAA
[289/754] Done 6670b9_0.tif - 448 tiles saved (18.8s)
[290/754] Processing eebf8d_0.tif | 18608x48872 | Label: CE
[290/754] Done eebf8d_0.tif - 965 tiles saved (15.0s)
[291/754] Processing 827928_0.tif | 32934x53423 | Label: CE
[291/754] Done 827928_0.tif - 844 tiles saved (26.8s)
[292/754] Processing b1f248_0.tif | 12183x14803 | Label: CE
[292/754] Done b1f248_0.tif - 61 tiles saved (3.1s)
[293/754] Processing e7bec8_0.tif | 12085x32311 | Label: CE
[293/754] Done e7bec8_0.tif - 29 tiles saved (5.6s)
[294/754] Processing 062387_0.tif | 21826x70990 | Label: LAA
[294/754] Done 062387_0.tif - 1698 tiles saved (27.2s)
[295/754] Processing 616c62_1.tif | 25251x47930 | Label: CE
[295/754] Done 616c62_1.tif - 1337 tiles saved (20.4s)
[296/754] Processing c65db4_1.tif | 15384x37835 | Label: CE
[296/754] Done c65db4_1.tif - 639 tiles saved (9.8s)
[297/754] Processing 27afc7_0.tif | 12196x11112 | Label: CE
[297/754] Done 27afc7_0.tif - 136 tiles saved (2.3s)
[298/754] Processing 68eb0e_0.tif | 8239x25560 | Label: CE
[298/754] Done 68eb0e_0.tif - 2 tiles saved (3.3s)
[299/754] Processing 3d80c7_0.tif | 18702x35979 | Label: LAA
[299/754] Done 3d80c7_0.tif - 330 tiles saved (10.0s)
[300/754] Processing 3c2c23_0.tif | 46014x86558 | Label: CE
[300/754] Done 3c2c23_0.tif - 4716 tiles saved (67.5s)
[301/754] Processing 60a950_0.tif | 30673x65418 | Label: CE
[301/754] Done 60a950_0.tif - 2183 tiles saved (33.2s)
[302/754] Processing d24672_0.tif | 37294x65392 | Label: CE
[302/754] Done d24672_0.tif - 1328 tiles saved (36.0s)
[303/754] Processing 5d819a_1.tif | 15422x29538 | Label: CE
[303/754] Done 5d819a_1.tif - 183 tiles saved (6.6s)
[304/754] Processing f2aba9_0.tif | 23111x33185 | Label: CE
[304/754] Done f2aba9_0.tif - 155 tiles saved (10.7s)
[305/754] Processing ac2147_0.tif | 8832x16640 | Label: LAA
[305/754] Done ac2147_0.tif - 165 tiles saved (3.9s)
[306/754] Processing 79ae8d_1.tif | 29787x21181 | Label: CE
[306/754] Done 79ae8d_1.tif - 604 tiles saved (11.0s)
[307/754] Processing 2244d2_0.tif | 37330x58942 | Label: CE
[307/754] Done 2244d2_0.tif - 7008 tiles saved (50.8s)
[308/754] Processing fad610_0.tif | 16581x14773 | Label: CE
[308/754] Done fad610_0.tif - 27 tiles saved (3.4s)
[309/754] Processing 79753f_0.tif | 22077x19366 | Label: CE
[309/754] Done 79753f_0.tif - 2 tiles saved (6.3s)
[310/754] Processing 0415c3_0.tif | 30560x118076 | Label: CE
[310/754] Done 0415c3_0.tif - 3780 tiles saved (58.8s)
[311/754] Processing 08d3d8_0.tif | 12171x15719 | Label: LAA
[311/754] Done 08d3d8_0.tif - 17 tiles saved (3.1s)
[312/754] Processing 14d2fa_0.tif | 19766x37802 | Label: CE
[312/754] Done 14d2fa_0.tif - 927 tiles saved (12.9s)
[313/754] Processing c01d28_1.tif | 38549x30343 | Label: CE
[313/754] Done c01d28_1.tif - 304 tiles saved (16.6s)
[314/754] Processing e10fdb_0.tif | 73777x37366 | Label: LAA
[314/754] Done e10fdb_0.tif - 2737 tiles saved (49.7s)
[315/754] Processing 4188be_0.tif | 22982x58998 | Label: CE
[315/754] Done 4188be_0.tif - 1170 tiles saved (21.6s)
[316/754] Processing c1b699_0.tif | 14215x48898 | Label: CE
[316/754] Done c1b699_0.tif - 617 tiles saved (11.4s)
[317/754] Processing 588e11_0.tif | 15035x28934 | Label: CE
[317/754] Done 588e11_0.tif - 242 tiles saved (6.9s)
[318/754] Processing dca3b1_0.tif | 63807x39348 | Label: LAA
[318/754] Done dca3b1_0.tif - 3782 tiles saved (49.8s)
[319/754] Processing e316dd_0.tif | 25375x22121 | Label: CE
[319/754] Done e316dd_0.tif - 129 tiles saved (8.5s)
[320/754] Processing 4b8777_0.tif | 21952x44252 | Label: CE
[320/754] Done 4b8777_0.tif - 926 tiles saved (15.5s)
[321/754] Processing af4dd6_0.tif | 10788x8773 | Label: CE
[321/754] Done af4dd6_0.tif - 178 tiles saved (2.0s)
[322/754] Processing 23b492_0.tif | 12062x62931 | Label: LAA
[322/754] Done 23b492_0.tif - 7 tiles saved (12.2s)
[323/754] Processing 497c27_0.tif | 8783x33252 | Label: LAA
[323/754] Done 497c27_0.tif - 394 tiles saved (5.3s)
[324/754] Processing c78d6b_0.tif | 10788x29947 | Label: CE
[324/754] Done c78d6b_0.tif - 114 tiles saved (5.4s)
[325/754] Processing ea2aad_0.tif | 35036x74617 | Label: CE
[325/754] Done ea2aad_0.tif - 637 tiles saved (36.8s)
[326/754] Processing 70f515_0.tif | 36339x31274 | Label: CE
[326/754] Done 70f515_0.tif - 3442 tiles saved (26.7s)
[327/754] Processing 31adaa_1.tif | 18772x17529 | Label: CE
[327/754] Done 31adaa_1.tif - 416 tiles saved (6.2s)
[328/754] Processing b1e363_0.tif | 61813x47856 | Label: LAA
[328/754] Done b1e363_0.tif - 2119 tiles saved (49.9s)
[329/754] Processing 64d167_0.tif | 14352x21242 | Label: CE
[329/754] Done 64d167_0.tif - 633 tiles saved (6.4s)
[330/754] Processing ca2f66_0.tif | 12062x50446 | Label: CE
[330/754] Done ca2f66_0.tif - 215 tiles saved (8.9s)
[331/754] Processing d380dc_0.tif | 59819x12428 | Label: CE
[331/754] Done d380dc_0.tif - 178 tiles saved (14.8s)
[332/754] Processing 8fe2eb_0.tif | 24178x41480 | Label: CE
[332/754] Done 8fe2eb_0.tif - 1038 tiles saved (16.9s)
[333/754] Processing e6764f_0.tif | 25194x58067 | Label: LAA
[333/754] Done e6764f_0.tif - 1562 tiles saved (25.8s)
[334/754] Processing 547474_0.tif | 51843x22210 | Label: CE
[334/754] Done 547474_0.tif - 989 tiles saved (20.5s)
[335/754] Processing d4c955_0.tif | 7814x49687 | Label: CE
[335/754] Done d4c955_0.tif - 15 tiles saved (5.8s)
[336/754] Processing 5987c0_1.tif | 17586x37824 | Label: CE
[336/754] Done 5987c0_1.tif - 325 tiles saved (9.7s)
[337/754] Processing 0d4164_0.tif | 39615x40492 | Label: CE
[337/754] Done 0d4164_0.tif - 1863 tiles saved (27.3s)
[338/754] Processing 931cea_1.tif | 11079x12955 | Label: CE
[338/754] Done 931cea_1.tif - 27 tiles saved (2.4s)
[339/754] Processing 1d5335_0.tif | 14311x31386 | Label: CE
[339/754] Done 1d5335_0.tif - 22 tiles saved (10.1s)
[340/754] Processing fb5f7e_1.tif | 9428x7254 | Label: CE
[340/754] Done fb5f7e_1.tif - 0 tiles saved (1.7s)
[341/754] Processing f9569b_0.tif | 46177x77440 | Label: CE
[341/754] Done f9569b_0.tif - 5084 tiles saved (63.8s)
[342/754] Processing 31adaa_0.tif | 19892x14764 | Label: CE
[342/754] Done 31adaa_0.tif - 92 tiles saved (5.0s)
[343/754] Processing d4dc4f_0.tif | 67795x22733 | Label: LAA
[343/754] Done d4dc4f_0.tif - 1692 tiles saved (31.2s)
[344/754] Processing 54ddc7_0.tif | 16470x37823 | Label: CE
[344/754] Done 54ddc7_0.tif - 926 tiles saved (11.0s)
[345/754] Processing b948e8_0.tif | 23170x19349 | Label: CE
[345/754] Done b948e8_0.tif - 47 tiles saved (6.7s)
[346/754] Processing a26055_0.tif | 18093x56604 | Label: LAA
[346/754] Done a26055_0.tif - 518 tiles saved (15.4s)
[347/754] Processing 01adc5_0.tif | 55831x26553 | Label: LAA
[347/754] Done 01adc5_0.tif - 709 tiles saved (24.5s)
[348/754] Processing 15de51_0.tif | 29764x24860 | Label: LAA
[348/754] Done 15de51_0.tif - 479 tiles saved (11.7s)
[349/754] Processing c12836_0.tif | 12144x20325 | Label: CE
[349/754] Done c12836_0.tif - 115 tiles saved (7.1s)
[350/754] Processing a4c877_0.tif | 24031x70056 | Label: CE
[350/754] Done a4c877_0.tif - 1855 tiles saved (28.7s)
[351/754] Processing f40c69_1.tif | 10981x35086 | Label: LAA
[351/754] Done f40c69_1.tif - 1 tiles saved (5.6s)
[352/754] Processing 5cae18_0.tif | 11094x10191 | Label: CE
[352/754] Done 5cae18_0.tif - 0 tiles saved (2.1s)
[353/754] Processing df2c0d_0.tif | 7720x24036 | Label: CE
[353/754] Done df2c0d_0.tif - 201 tiles saved (3.2s)
[354/754] Processing ed5006_0.tif | 15396x33221 | Label: LAA
[354/754] Done ed5006_0.tif - 240 tiles saved (7.7s)
[355/754] Processing c5e687_0.tif | 38397x59840 | Label: CE
[355/754] Done c5e687_0.tif - 863 tiles saved (33.4s)
[356/754] Processing d346ca_0.tif | 39543x55239 | Label: LAA
[356/754] Done d346ca_0.tif - 1681 tiles saved (34.3s)
[357/754] Processing 113bb3_0.tif | 12062x67739 | Label: LAA
[357/754] Done 113bb3_0.tif - 59 tiles saved (14.9s)
[358/754] Processing fe0cca_0.tif | 17622x26752 | Label: CE
[358/754] Done fe0cca_0.tif - 347 tiles saved (7.1s)
[359/754] Processing 6ce894_0.tif | 20773x61777 | Label: CE
[359/754] Done 6ce894_0.tif - 177 tiles saved (18.2s)
[360/754] Processing d4791c_0.tif | 5521x7339 | Label: CE
[360/754] Done d4791c_0.tif - 179 tiles saved (2.1s)
[361/754] Processing 508589_0.tif | 23104x36880 | Label: LAA
[361/754] Done 508589_0.tif - 474 tiles saved (12.5s)
[362/754] Processing ffec5c_0.tif | 27394x60827 | Label: LAA
[362/754] Done ffec5c_0.tif - 700 tiles saved (25.8s)
[363/754] Processing 2db520_0.tif | 41578x86564 | Label: CE
[363/754] Done 2db520_0.tif - 2843 tiles saved (56.5s)
[364/754] Processing 2c8b18_0.tif | 9428x32815 | Label: CE
[364/754] Done 2c8b18_0.tif - 180 tiles saved (8.5s)
[365/754] Processing 49ea39_0.tif | 37294x62618 | Label: CE
[365/754] Done 49ea39_0.tif - 553 tiles saved (32.7s)
[366/754] Processing 53845a_0.tif | 39417x83823 | Label: LAA
[366/754] Done 53845a_0.tif - 4393 tiles saved (58.2s)
[367/754] Processing fd7c5b_0.tif | 21890x59007 | Label: CE
[367/754] Done fd7c5b_0.tif - 15 tiles saved (18.0s)
[368/754] Processing d862da_0.tif | 21988x35952 | Label: LAA
[368/754] Done d862da_0.tif - 18 tiles saved (11.0s)
[369/754] Processing e6ceb4_0.tif | 7305x22186 | Label: CE
[369/754] Done e6ceb4_0.tif - 172 tiles saved (3.6s)
[370/754] Processing 21b106_0.tif | 13212x30469 | Label: CE
[370/754] Done 21b106_0.tif - 243 tiles saved (6.2s)
[371/754] Processing fde9ba_0.tif | 15629x33996 | Label: LAA
[371/754] Done fde9ba_0.tif - 224 tiles saved (7.8s)
[372/754] Processing 8d60c1_0.tif | 19769x38728 | Label: CE
[372/754] Done 8d60c1_0.tif - 331 tiles saved (11.9s)
[373/754] Processing e6ceb4_1.tif | 12109x27702 | Label: CE
[373/754] Done e6ceb4_1.tif - 338 tiles saved (5.6s)
[374/754] Processing fbf2eb_0.tif | 16502x27671 | Label: CE
[374/754] Done fbf2eb_0.tif - 568 tiles saved (7.8s)
[375/754] Processing 7c2739_0.tif | 19786x38737 | Label: CE
[375/754] Done 7c2739_0.tif - 965 tiles saved (13.3s)
[376/754] Processing 45e3e0_0.tif | 18684x35969 | Label: CE
[376/754] Done 45e3e0_0.tif - 328 tiles saved (10.0s)
[377/754] Processing abc4a3_0.tif | 17545x42426 | Label: CE
[377/754] Done abc4a3_0.tif - 172 tiles saved (10.5s)
[378/754] Processing 86e319_2.tif | 13591x23704 | Label: CE
[378/754] Done 86e319_2.tif - 0 tiles saved (4.9s)
[379/754] Processing 507ac9_0.tif | 17607x31366 | Label: CE
[379/754] Done 507ac9_0.tif - 1033 tiles saved (10.8s)
[380/754] Processing f83bf0_0.tif | 35228x34977 | Label: LAA
[380/754] Done f83bf0_0.tif - 1502 tiles saved (23.5s)
[381/754] Processing 5415fe_0.tif | 12107x32320 | Label: CE
[381/754] Done 5415fe_0.tif - 194 tiles saved (5.9s)
[382/754] Processing a26055_2.tif | 29572x66348 | Label: LAA
[382/754] Done a26055_2.tif - 531 tiles saved (28.9s)
[383/754] Processing eb6733_0.tif | 20912x31350 | Label: CE
[383/754] Done eb6733_0.tif - 309 tiles saved (9.7s)
[384/754] Processing f1f952_2.tif | 7220x26319 | Label: CE
[384/754] Done f1f952_2.tif - 81 tiles saved (3.3s)
[385/754] Processing b43ebe_0.tif | 4417x5314 | Label: CE
[385/754] Done b43ebe_0.tif - 0 tiles saved (0.5s)
[386/754] Processing 098f15_0.tif | 20983x16600 | Label: LAA
[386/754] Done 098f15_0.tif - 1310 tiles saved (8.7s)
[387/754] Processing 376cf6_0.tif | 9891x32325 | Label: CE
[387/754] Done 376cf6_0.tif - 162 tiles saved (5.1s)
[388/754] Processing a26055_1.tif | 20789x57166 | Label: LAA
[388/754] Done a26055_1.tif - 317 tiles saved (17.0s)
[389/754] Processing f40c69_0.tif | 17243x44456 | Label: LAA
[389/754] Done f40c69_0.tif - 0 tiles saved (10.5s)
[390/754] Processing d62b1d_0.tif | 75771x29020 | Label: LAA
[390/754] Done d62b1d_0.tif - 1633 tiles saved (36.5s)
[391/754] Processing 8c24eb_0.tif | 12232x59219 | Label: CE
[391/754] Done 8c24eb_0.tif - 361 tiles saved (11.1s)
[392/754] Processing d4c955_1.tif | 8154x26319 | Label: CE
[392/754] Done d4c955_1.tif - 35 tiles saved (4.1s)
[393/754] Processing edc9a4_0.tif | 17386x83002 | Label: LAA
[393/754] Done edc9a4_0.tif - 1470 tiles saved (24.6s)
[394/754] Processing 41b4ea_1.tif | 18579x61791 | Label: LAA
[394/754] Done 41b4ea_1.tif - 69 tiles saved (15.9s)
[395/754] Processing c5d171_0.tif | 42889x46928 | Label: LAA
[395/754] Done c5d171_0.tif - 1045 tiles saved (32.0s)
[396/754] Processing 3020ef_0.tif | 85741x37879 | Label: CE
[396/754] Done 3020ef_0.tif - 3247 tiles saved (58.4s)
[397/754] Processing 992abf_0.tif | 83747x24304 | Label: CE
[397/754] Done 992abf_0.tif - 1677 tiles saved (37.0s)
[398/754] Processing 0ed87f_1.tif | 12124x24937 | Label: CE
[398/754] Done 0ed87f_1.tif - 77 tiles saved (4.3s)
[399/754] Processing 4094c4_0.tif | 23015x55316 | Label: CE
[399/754] Done 4094c4_0.tif - 1544 tiles saved (21.6s)
[400/754] Processing 09644e_2.tif | 18703x30433 | Label: CE
[400/754] Done 09644e_2.tif - 782 tiles saved (9.8s)
[401/754] Processing 6e08cb_0.tif | 33023x34986 | Label: LAA
[401/754] Done 6e08cb_0.tif - 232 tiles saved (15.8s)
[402/754] Processing baa4c4_0.tif | 8154x17040 | Label: CE
[402/754] Done baa4c4_0.tif - 94 tiles saved (2.3s)
[403/754] Processing e3a230_0.tif | 9004x40323 | Label: CE
[403/754] Done e3a230_0.tif - 430 tiles saved (6.2s)
[404/754] Processing 464289_0.tif | 12232x9785 | Label: CE
[404/754] Done 464289_0.tif - 123 tiles saved (2.1s)
[405/754] Processing 7dd82f_0.tif | 27427x49753 | Label: LAA
[405/754] Done 7dd82f_0.tif - 245 tiles saved (18.5s)
[406/754] Processing 81eb29_0.tif | 9791x52608 | Label: CE
[406/754] Done 81eb29_0.tif - 336 tiles saved (8.4s)
[407/754] Processing 9f7649_0.tif | 11992x54443 | Label: LAA
[407/754] Done 9f7649_0.tif - 539 tiles saved (10.2s)
[408/754] Processing 9f84c0_0.tif | 23107x30407 | Label: CE
[408/754] Done 9f84c0_0.tif - 263 tiles saved (9.9s)
[409/754] Processing 34a278_0.tif | 8579x5145 | Label: LAA
[409/754] Done 34a278_0.tif - 80 tiles saved (1.7s)
[410/754] Processing 72df9e_0.tif | 13166x34145 | Label: CE
[410/754] Done 72df9e_0.tif - 612 tiles saved (7.8s)
[411/754] Processing 4f49c1_0.tif | 6795x7339 | Label: CE
[411/754] Done 4f49c1_0.tif - 20 tiles saved (1.0s)
[412/754] Processing 526dba_0.tif | 15280x59961 | Label: CE
[412/754] Done 526dba_0.tif - 976 tiles saved (15.0s)
[413/754] Processing c30f14_0.tif | 22032x28582 | Label: CE
[413/754] Done c30f14_0.tif - 77 tiles saved (8.6s)
[414/754] Processing 0f2961_0.tif | 15302x52582 | Label: LAA
[414/754] Done 0f2961_0.tif - 935 tiles saved (13.5s)
[415/754] Processing 4f9ac6_0.tif | 5266x26657 | Label: CE
[415/754] Done 4f9ac6_0.tif - 61 tiles saved (2.9s)
[416/754] Processing 5f5dc0_0.tif | 12174x15721 | Label: CE
[416/754] Done 5f5dc0_0.tif - 49 tiles saved (3.1s)
[417/754] Processing b3c755_0.tif | 11067x16647 | Label: CE
[417/754] Done b3c755_0.tif - 1 tiles saved (2.6s)
[418/754] Processing 59441e_0.tif | 22022x29500 | Label: CE
[418/754] Done 59441e_0.tif - 1039 tiles saved (12.5s)
[419/754] Processing 43c62b_0.tif | 15338x46130 | Label: CE
[419/754] Done 43c62b_0.tif - 491 tiles saved (10.6s)
[420/754] Processing b525a8_0.tif | 32960x46966 | Label: CE
[420/754] Done b525a8_0.tif - 657 tiles saved (21.6s)
[421/754] Processing dca376_0.tif | 31852x49742 | Label: CE
[421/754] Done dca376_0.tif - 3145 tiles saved (31.9s)
[422/754] Processing 2f4974_0.tif | 35891x15015 | Label: CE
[422/754] Done 2f4974_0.tif - 279 tiles saved (8.8s)
[423/754] Processing 9961af_0.tif | 9683x29272 | Label: LAA
[423/754] Done 9961af_0.tif - 141 tiles saved (4.2s)
[424/754] Processing 821964_0.tif | 16407x55347 | Label: LAA
[424/754] Done 821964_0.tif - 1536 tiles saved (16.9s)
[425/754] Processing 83ae16_0.tif | 5181x43191 | Label: CE
[425/754] Done 83ae16_0.tif - 44 tiles saved (4.6s)
[426/754] Processing 13f372_0.tif | 89729x34355 | Label: CE
[426/754] Done 13f372_0.tif - 3924 tiles saved (55.5s)
[427/754] Processing a4c877_2.tif | 33991x66334 | Label: CE
[427/754] Done a4c877_2.tif - 4819 tiles saved (43.9s)
[428/754] Processing 777311_0.tif | 14311x29538 | Label: CE
[428/754] Done 777311_0.tif - 627 tiles saved (7.6s)
[429/754] Processing 0ee750_1.tif | 16507x32296 | Label: LAA
[429/754] Done 0ee750_1.tif - 362 tiles saved (8.0s)
[430/754] Processing 9d609a_0.tif | 14282x35069 | Label: CE
[430/754] Done 9d609a_0.tif - 715 tiles saved (8.8s)
[431/754] Processing e5bd0b_0.tif | 7685x30489 | Label: CE
[431/754] Done e5bd0b_0.tif - 475 tiles saved (4.6s)
[432/754] Processing c92b51_0.tif | 10991x32319 | Label: CE
[432/754] Done c92b51_0.tif - 190 tiles saved (5.2s)
[433/754] Processing bd783d_0.tif | 14301x30458 | Label: CE
[433/754] Done bd783d_0.tif - 394 tiles saved (6.8s)
[434/754] Processing 03d1ec_0.tif | 23125x30421 | Label: LAA
[434/754] Done 03d1ec_0.tif - 341 tiles saved (10.4s)
[435/754] Processing ef68ba_0.tif | 16482x36905 | Label: CE
[435/754] Done ef68ba_0.tif - 308 tiles saved (9.1s)
[436/754] Processing 79d1c1_1.tif | 15324x47972 | Label: CE
[436/754] Done 79d1c1_1.tif - 357 tiles saved (10.5s)
[437/754] Processing cff1ce_0.tif | 8884x11122 | Label: CE
[437/754] Done cff1ce_0.tif - 84 tiles saved (1.9s)
[438/754] Processing 7e9a65_0.tif | 9950x20341 | Label: CE
[438/754] Done 7e9a65_0.tif - 27 tiles saved (4.2s)
[439/754] Processing 5f4bd3_0.tif | 24050x70986 | Label: CE
[439/754] Done 5f4bd3_0.tif - 1910 tiles saved (28.5s)
[440/754] Processing 049194_0.tif | 26443x26713 | Label: CE
[440/754] Done 049194_0.tif - 366 tiles saved (11.4s)
[441/754] Processing 09644e_1.tif | 18660x41502 | Label: CE
[441/754] Done 09644e_1.tif - 1027 tiles saved (13.7s)
[442/754] Processing 6674a4_0.tif | 25185x61758 | Label: LAA
[442/754] Done 6674a4_0.tif - 1346 tiles saved (24.1s)
[443/754] Processing 2a25cf_0.tif | 32824x77395 | Label: LAA
[443/754] Done 2a25cf_0.tif - 1183 tiles saved (37.0s)
[444/754] Processing 5d4b88_0.tif | 16734x58460 | Label: CE
[444/754] Done 5d4b88_0.tif - 279 tiles saved (13.3s)
[445/754] Processing 244aeb_0.tif | 7814x4977 | Label: LAA
[445/754] Done 244aeb_0.tif - 10 tiles saved (0.9s)
[446/754] Processing b1e363_1.tif | 83747x36186 | Label: LAA
[446/754] Done b1e363_1.tif - 2323 tiles saved (52.9s)
[447/754] Processing eb21f0_0.tif | 35891x19918 | Label: LAA
[447/754] Done eb21f0_0.tif - 877 tiles saved (13.6s)
[448/754] Processing abc4a3_1.tif | 24121x52541 | Label: CE
[448/754] Done abc4a3_1.tif - 301 tiles saved (17.0s)
[449/754] Processing 79d1c1_0.tif | 9806x47073 | Label: CE
[449/754] Done 79d1c1_0.tif - 434 tiles saved (7.3s)
[450/754] Processing 85868f_0.tif | 24634x19992 | Label: CE
[450/754] Done 85868f_0.tif - 13 tiles saved (8.4s)
[451/754] Processing 79ae8d_0.tif | 30882x20237 | Label: CE
[451/754] Done 79ae8d_0.tif - 87 tiles saved (11.0s)
[452/754] Processing fdf998_0.tif | 28639x30399 | Label: CE
[452/754] Done fdf998_0.tif - 95 tiles saved (12.2s)
[453/754] Processing a2b566_0.tif | 18689x35972 | Label: CE
[453/754] Done a2b566_0.tif - 441 tiles saved (10.1s)
[454/754] Processing fe9645_0.tif | 19791x34118 | Label: CE
[454/754] Done fe9645_0.tif - 391 tiles saved (9.8s)
[455/754] Processing d44b91_0.tif | 17434x69169 | Label: LAA
[455/754] Done d44b91_0.tif - 420 tiles saved (16.6s)
[456/754] Processing c9ab6c_0.tif | 32842x68163 | Label: LAA
[456/754] Done c9ab6c_0.tif - 4044 tiles saved (42.5s)
[457/754] Processing fd418f_0.tif | 24043x69137 | Label: CE
[457/754] Done fd418f_0.tif - 937 tiles saved (24.8s)
[458/754] Processing 533081_0.tif | 11892x20246 | Label: CE
[458/754] Done 533081_0.tif - 24 tiles saved (3.9s)
[459/754] Processing d53809_0.tif | 15388x35065 | Label: CE
[459/754] Done d53809_0.tif - 932 tiles saved (9.9s)
[460/754] Processing 658beb_0.tif | 30799x37756 | Label: CE
[460/754] Done 658beb_0.tif - 121 tiles saved (15.7s)
[461/754] Processing b01110_0.tif | 28701x13778 | Label: LAA
[461/754] Done b01110_0.tif - 800 tiles saved (8.4s)
[462/754] Processing 3ab087_0.tif | 12093x32314 | Label: CE
[462/754] Done 3ab087_0.tif - 398 tiles saved (6.4s)
[463/754] Processing 599e16_0.tif | 39426x79207 | Label: CE
[463/754] Done 599e16_0.tif - 2028 tiles saved (48.2s)
[464/754] Processing 0d718a_0.tif | 51843x12250 | Label: CE
[464/754] Done 0d718a_0.tif - 351 tiles saved (10.9s)
[465/754] Processing 0e696a_1.tif | 15444x22155 | Label: CE
[465/754] Done 0e696a_1.tif - 176 tiles saved (7.4s)
[466/754] Processing 24f8f5_0.tif | 25314x35950 | Label: CE
[466/754] Done 24f8f5_0.tif - 1205 tiles saved (15.9s)
[467/754] Processing 3b7d81_0.tif | 46019x81015 | Label: CE
[467/754] Done 3b7d81_0.tif - 1869 tiles saved (54.4s)
[468/754] Processing e26a04_0.tif | 17923x46397 | Label: LAA
[468/754] Done e26a04_0.tif - 4 tiles saved (11.5s)
[469/754] Processing 355354_1.tif | 24252x26735 | Label: CE
[469/754] Done 355354_1.tif - 323 tiles saved (11.4s)
[470/754] Processing ab1b6e_0.tif | 51843x36423 | Label: CE
[470/754] Done ab1b6e_0.tif - 108 tiles saved (26.9s)
[471/754] Processing d6525e_0.tif | 75771x22193 | Label: LAA
[471/754] Done d6525e_0.tif - 953 tiles saved (26.1s)
[472/754] Processing a3a4cb_0.tif | 14337x25855 | Label: CE
[472/754] Done a3a4cb_0.tif - 75 tiles saved (7.8s)
[473/754] Processing f4d8f8_0.tif | 14695x27585 | Label: CE
[473/754] Done f4d8f8_0.tif - 78 tiles saved (8.6s)
[474/754] Processing f75146_0.tif | 24207x35951 | Label: CE
[474/754] Done f75146_0.tif - 239 tiles saved (11.9s)
[475/754] Processing 79d52a_1.tif | 55831x10734 | Label: LAA
[475/754] Done 79d52a_1.tif - 194 tiles saved (9.9s)
[476/754] Processing 5987c0_3.tif | 33069x22988 | Label: CE
[476/754] Done 5987c0_3.tif - 242 tiles saved (10.5s)
[477/754] Processing 4f6fb1_2.tif | 15361x44291 | Label: CE
[477/754] Done 4f6fb1_2.tif - 1150 tiles saved (12.6s)
[478/754] Processing 1ec69e_0.tif | 20795x53473 | Label: CE
[478/754] Done 1ec69e_0.tif - 750 tiles saved (16.4s)
[479/754] Processing 37258c_0.tif | 24183x38710 | Label: CE
[479/754] Done 37258c_0.tif - 170 tiles saved (13.1s)
[480/754] Processing d23cd1_0.tif | 15244x65490 | Label: CE
[480/754] Done d23cd1_0.tif - 80 tiles saved (13.9s)
[481/754] Processing 0ba49d_0.tif | 25094x81119 | Label: CE
[481/754] Done 0ba49d_0.tif - 323 tiles saved (28.4s)
[482/754] Processing 0b25f8_0.tif | 14297x34151 | Label: CE
[482/754] Done 0b25f8_0.tif - 439 tiles saved (7.8s)
[483/754] Processing 0372b0_0.tif | 4841x25138 | Label: CE
[483/754] Done 0372b0_0.tif - 108 tiles saved (3.2s)
[484/754] Processing 8fc6d5_0.tif | 5351x7507 | Label: CE
[484/754] Done 8fc6d5_0.tif - 147 tiles saved (1.8s)
[485/754] Processing fb5f7e_0.tif | 10363x7339 | Label: CE
[485/754] Done fb5f7e_0.tif - 0 tiles saved (1.5s)
[486/754] Processing 6e211d_0.tif | 14298x34152 | Label: CE
[486/754] Done 6e211d_0.tif - 0 tiles saved (6.6s)
[487/754] Processing 6e6d49_0.tif | 5776x20836 | Label: CE
[487/754] Done 6e6d49_0.tif - 77 tiles saved (2.6s)
[488/754] Processing 611a50_0.tif | 17534x47040 | Label: LAA
[488/754] Done 611a50_0.tif - 754 tiles saved (12.7s)
[489/754] Processing 1f9d4f_0.tif | 33882x86610 | Label: CE
[489/754] Done 1f9d4f_0.tif - 2653 tiles saved (45.9s)
[490/754] Processing f3e9f6_0.tif | 5946x7676 | Label: LAA
[490/754] Done f3e9f6_0.tif - 21 tiles saved (1.0s)
[491/754] Processing 73c9a4_0.tif | 14149x64574 | Label: LAA
[491/754] Done 73c9a4_0.tif - 1403 tiles saved (16.1s)
[492/754] Processing 217b27_0.tif | 12031x44298 | Label: CE
[492/754] Done 217b27_0.tif - 677 tiles saved (9.0s)
[493/754] Processing a975ab_0.tif | 13761x24126 | Label: CE
[493/754] Done a975ab_0.tif - 116 tiles saved (4.7s)
[494/754] Processing dfd99d_0.tif | 19685x59017 | Label: CE
[494/754] Done dfd99d_0.tif - 452 tiles saved (15.9s)
[495/754] Processing 62dd90_0.tif | 5946x28766 | Label: CE
[495/754] Done 62dd90_0.tif - 47 tiles saved (3.8s)
[496/754] Processing 21726e_0.tif | 18727x26749 | Label: CE
[496/754] Done 21726e_0.tif - 504 tiles saved (8.3s)
[497/754] Processing 5671c1_0.tif | 18766x21227 | Label: CE
[497/754] Done 5671c1_0.tif - 318 tiles saved (6.3s)
[498/754] Processing f27c51_0.tif | 23098x37801 | Label: CE
[498/754] Done f27c51_0.tif - 858 tiles saved (14.0s)
[499/754] Processing 6baf51_1.tif | 55123x46036 | Label: LAA
[499/754] Done 6baf51_1.tif - 3660 tiles saved (47.1s)
[500/754] Processing 880f54_0.tif | 36138x78307 | Label: CE
[500/754] Done 880f54_0.tif - 3570 tiles saved (48.1s)
[501/754] Processing a9573c_0.tif | 21945x43324 | Label: CE
[501/754] Done a9573c_0.tif - 139 tiles saved (12.3s)
[502/754] Processing f7fb11_0.tif | 20907x34121 | Label: LAA
[502/754] Done f7fb11_0.tif - 580 tiles saved (10.9s)
[503/754] Processing 481ba8_0.tif | 11049x18485 | Label: LAA
[503/754] Done 481ba8_0.tif - 281 tiles saved (3.6s)
[504/754] Processing 9f0f05_0.tif | 16448x42433 | Label: CE
[504/754] Done 9f0f05_0.tif - 751 tiles saved (10.8s)
[505/754] Processing 5d819a_0.tif | 25259x47010 | Label: CE
[505/754] Done 5d819a_0.tif - 971 tiles saved (18.5s)
[506/754] Processing 862501_1.tif | 15267x60881 | Label: LAA
[506/754] Done 862501_1.tif - 704 tiles saved (14.0s)
[507/754] Processing 1db82d_1.tif | 21932x52559 | Label: LAA
[507/754] Done 1db82d_1.tif - 422 tiles saved (16.4s)
[508/754] Processing 9cc010_0.tif | 10974x36007 | Label: CE
[508/754] Done 9cc010_0.tif - 334 tiles saved (6.7s)
[509/754] Processing 4f6fb1_1.tif | 9089x25982 | Label: CE
[509/754] Done 4f6fb1_1.tif - 117 tiles saved (6.0s)
[510/754] Processing 369366_0.tif | 19112x32477 | Label: CE
[510/754] Done 369366_0.tif - 24 tiles saved (8.0s)
[511/754] Processing 80cc1b_0.tif | 7698x26799 | Label: CE
[511/754] Done 80cc1b_0.tif - 93 tiles saved (3.2s)
[512/754] Processing 0ff6fc_0.tif | 18674x38737 | Label: CE
[512/754] Done 0ff6fc_0.tif - 236 tiles saved (10.3s)
[513/754] Processing 690b81_0.tif | 18692x34125 | Label: CE
[513/754] Done 690b81_0.tif - 1156 tiles saved (12.1s)
[514/754] Processing 991ad1_0.tif | 9174x23198 | Label: CE
[514/754] Done 991ad1_0.tif - 5 tiles saved (3.0s)
[515/754] Processing 3a230b_0.tif | 21893x55314 | Label: CE
[515/754] Done 3a230b_0.tif - 561 tiles saved (17.9s)
[516/754] Processing 0e696a_0.tif | 15396x35993 | Label: CE
[516/754] Done 0e696a_0.tif - 1105 tiles saved (10.8s)
[517/754] Processing 3d10be_3.tif | 10533x16787 | Label: CE
[517/754] Done 3d10be_3.tif - 0 tiles saved (2.7s)
[518/754] Processing a6f5ae_0.tif | 22021x29500 | Label: LAA
[518/754] Done a6f5ae_0.tif - 25 tiles saved (8.5s)
[519/754] Processing 977a49_0.tif | 28580x39606 | Label: CE
[519/754] Done 977a49_0.tif - 1368 tiles saved (18.9s)
[520/754] Processing 79d52a_0.tif | 30763x46056 | Label: LAA
[520/754] Done 79d52a_0.tif - 1050 tiles saved (21.7s)
[521/754] Processing 028989_0.tif | 32789x85695 | Label: LAA
[521/754] Done 028989_0.tif - 5852 tiles saved (55.2s)
[522/754] Processing 53845a_1.tif | 19755x41494 | Label: LAA
[522/754] Done 53845a_1.tif - 1415 tiles saved (15.2s)
[523/754] Processing 5cae18_1.tif | 9974x13884 | Label: CE
[523/754] Done 5cae18_1.tif - 64 tiles saved (2.2s)
[524/754] Processing 70c523_0.tif | 15489x12936 | Label: LAA
[524/754] Done 70c523_0.tif - 186 tiles saved (3.3s)
[525/754] Processing 4c284f_0.tif | 16458x40590 | Label: CE
[525/754] Done 4c284f_0.tif - 724 tiles saved (11.2s)
[526/754] Processing 7b9aaa_0.tif | 13846x33237 | Label: CE
[526/754] Done 7b9aaa_0.tif - 181 tiles saved (8.6s)
[527/754] Processing 46e479_0.tif | 26379x41469 | Label: CE
[527/754] Done 46e479_0.tif - 939 tiles saved (17.1s)
[528/754] Processing 045eb0_0.tif | 16489x35060 | Label: CE
[528/754] Done 045eb0_0.tif - 674 tiles saved (9.6s)
[529/754] Processing d2e447_0.tif | 15490x13863 | Label: CE
[529/754] Done d2e447_0.tif - 305 tiles saved (4.9s)
[530/754] Processing 2268cf_0.tif | 16413x49809 | Label: CE
[530/754] Done 2268cf_0.tif - 0 tiles saved (11.5s)
[531/754] Processing c4da19_0.tif | 18638x45188 | Label: CE
[531/754] Done c4da19_0.tif - 1393 tiles saved (15.7s)
[532/754] Processing d25a2f_0.tif | 37885x14779 | Label: CE
[532/754] Done d25a2f_0.tif - 97 tiles saved (9.2s)
[533/754] Processing 2b7304_2.tif | 24055x69141 | Label: LAA
[533/754] Done 2b7304_2.tif - 957 tiles saved (24.6s)
[534/754] Processing 5987c0_2.tif | 20893x33188 | Label: CE
[534/754] Done 5987c0_2.tif - 608 tiles saved (10.9s)
[535/754] Processing 82399d_1.tif | 22999x58081 | Label: CE
[535/754] Done 82399d_1.tif - 1062 tiles saved (21.0s)
[536/754] Processing db268c_0.tif | 27324x74654 | Label: LAA
[536/754] Done db268c_0.tif - 1273 tiles saved (29.8s)
[537/754] Processing 1295bb_0.tif | 9889x32324 | Label: CE
[537/754] Done 1295bb_0.tif - 511 tiles saved (5.9s)
[538/754] Processing d1da59_0.tif | 12036x44300 | Label: CE
[538/754] Done d1da59_0.tif - 375 tiles saved (8.6s)
[539/754] Processing 366fd0_0.tif | 25286x38705 | Label: CE
[539/754] Done 366fd0_0.tif - 1049 tiles saved (16.0s)
[540/754] Processing 070fe0_0.tif | 14355x19394 | Label: CE
[540/754] Done 070fe0_0.tif - 221 tiles saved (4.6s)
[541/754] Processing 392b24_0.tif | 34103x42366 | Label: CE
[541/754] Done 392b24_0.tif - 77 tiles saved (19.3s)
[542/754] Processing b6f1e9_0.tif | 29570x67271 | Label: LAA
[542/754] Done b6f1e9_0.tif - 376 tiles saved (27.5s)
[543/754] Processing 98db2b_0.tif | 28706x15648 | Label: CE
[543/754] Done 98db2b_0.tif - 626 tiles saved (7.8s)
[544/754] Processing 384052_0.tif | 15327x47050 | Label: LAA
[544/754] Done 384052_0.tif - 952 tiles saved (12.2s)
[545/754] Processing 19b036_0.tif | 14322x28620 | Label: CE
[545/754] Done 19b036_0.tif - 853 tiles saved (8.3s)
[546/754] Processing fa9747_0.tif | 39879x23540 | Label: LAA
[546/754] Done fa9747_0.tif - 246 tiles saved (15.6s)
[547/754] Processing 112b6e_1.tif | 26339x49766 | Label: CE
[547/754] Done 112b6e_1.tif - 443 tiles saved (19.5s)
[548/754] Processing 008e5c_0.tif | 5946x29694 | Label: CE
[548/754] Done 008e5c_0.tif - 255 tiles saved (3.2s)
[549/754] Processing 540410_0.tif | 8884x12972 | Label: CE
[549/754] Done 540410_0.tif - 175 tiles saved (3.3s)
[550/754] Processing ba8305_0.tif | 24150x46087 | Label: LAA
[550/754] Done ba8305_0.tif - 1311 tiles saved (18.8s)
[551/754] Processing 2446b8_0.tif | 18709x32286 | Label: CE
[551/754] Done 2446b8_0.tif - 533 tiles saved (9.5s)
[552/754] Processing 512856_0.tif | 31827x56198 | Label: CE
[552/754] Done 512856_0.tif - 1318 tiles saved (27.3s)
[553/754] Processing 4763a7_0.tif | 8783x28635 | Label: CE
[553/754] Done 4763a7_0.tif - 208 tiles saved (4.1s)
[554/754] Processing 516e18_1.tif | 7730x22608 | Label: CE
[554/754] Done 516e18_1.tif - 103 tiles saved (4.0s)
[555/754] Processing 719165_0.tif | 17573x38743 | Label: CE
[555/754] Done 719165_0.tif - 586 tiles saved (11.2s)
[556/754] Processing bec7ca_0.tif | 15510x9253 | Label: CE
[556/754] Done bec7ca_0.tif - 523 tiles saved (3.6s)
[557/754] Processing 56d177_4.tif | 15375x28006 | Label: CE
[557/754] Done 56d177_4.tif - 9 tiles saved (7.4s)
[558/754] Processing 7fd9f4_0.tif | 18697x31354 | Label: CE
[558/754] Done 7fd9f4_0.tif - 545 tiles saved (9.7s)
[559/754] Processing 9de0fa_0.tif | 9899x30481 | Label: CE
[559/754] Done 9de0fa_0.tif - 458 tiles saved (5.5s)
[560/754] Processing 291099_0.tif | 16497x33216 | Label: CE
[560/754] Done 291099_0.tif - 639 tiles saved (8.9s)
[561/754] Processing 1764ff_0.tif | 19881x15678 | Label: CE
[561/754] Done 1764ff_0.tif - 156 tiles saved (5.4s)
[562/754] Processing b43ebe_1.tif | 24063x67297 | Label: CE
[562/754] Done b43ebe_1.tif - 1057 tiles saved (23.9s)
[563/754] Processing 3fe88b_0.tif | 24166x42398 | Label: CE
[563/754] Done 3fe88b_0.tif - 97 tiles saved (14.9s)
[564/754] Processing 2b7304_1.tif | 24161x44244 | Label: LAA
[564/754] Done 2b7304_1.tif - 499 tiles saved (15.8s)
[565/754] Processing 5619c3_0.tif | 12486x36780 | Label: CE
[565/754] Done 5619c3_0.tif - 0 tiles saved (8.1s)
[566/754] Processing 6fe1f2_0.tif | 25179x60832 | Label: CE
[566/754] Done 6fe1f2_0.tif - 932 tiles saved (22.3s)
[567/754] Processing 0e4dac_0.tif | 73777x38568 | Label: CE
[567/754] Done 0e4dac_0.tif - 3590 tiles saved (51.6s)
[568/754] Processing 251c77_0.tif | 18711x31362 | Label: CE
[568/754] Done 251c77_0.tif - 8 tiles saved (8.7s)
[569/754] Processing b25f2b_0.tif | 36298x43274 | Label: CE
[569/754] Done b25f2b_0.tif - 2041 tiles saved (27.6s)
[570/754] Processing 5987c0_0.tif | 16500x32293 | Label: CE
[570/754] Done 5987c0_0.tif - 190 tiles saved (14.0s)
[571/754] Processing 35b75a_0.tif | 9863x36010 | Label: LAA
[571/754] Done 35b75a_0.tif - 265 tiles saved (6.0s)
[572/754] Processing 0ff890_0.tif | 12741x45553 | Label: CE
[572/754] Done 0ff890_0.tif - 4 tiles saved (8.2s)
[573/754] Processing d3d21b_0.tif | 22031x27657 | Label: CE
[573/754] Done d3d21b_0.tif - 731 tiles saved (10.2s)
[574/754] Processing e732f6_0.tif | 25244x48850 | Label: CE
[574/754] Done e732f6_0.tif - 2284 tiles saved (23.0s)
[575/754] Processing 82653f_0.tif | 18545x62704 | Label: CE
[575/754] Done 82653f_0.tif - 563 tiles saved (17.7s)
[576/754] Processing c31442_0.tif | 11212x31634 | Label: LAA
[576/754] Done c31442_0.tif - 0 tiles saved (4.7s)
[577/754] Processing 533081_1.tif | 27479x43311 | Label: CE
[577/754] Done 533081_1.tif - 881 tiles saved (18.7s)
[578/754] Processing 2ecb46_0.tif | 17693x12926 | Label: CE
[578/754] Done 2ecb46_0.tif - 402 tiles saved (4.4s)
[579/754] Processing 70c523_1.tif | 5181x20246 | Label: LAA
[579/754] Done 70c523_1.tif - 16 tiles saved (1.6s)
[580/754] Processing f94fb1_0.tif | 37421x68269 | Label: LAA
[580/754] Done f94fb1_0.tif - 1768 tiles saved (39.3s)
[581/754] Processing a24fac_0.tif | 20995x15687 | Label: CE
[581/754] Done a24fac_0.tif - 56 tiles saved (5.1s)
[582/754] Processing 3fe8a3_0.tif | 13091x56283 | Label: CE
[582/754] Done 3fe8a3_0.tif - 326 tiles saved (11.5s)
[583/754] Processing d44b91_1.tif | 27429x50678 | Label: LAA
[583/754] Done d44b91_1.tif - 915 tiles saved (20.7s)
[584/754] Processing 29a4f6_0.tif | 19786x37813 | Label: LAA
[584/754] Done 29a4f6_0.tif - 228 tiles saved (11.0s)
[585/754] Processing a1f13b_0.tif | 13222x27702 | Label: LAA
[585/754] Done a1f13b_0.tif - 371 tiles saved (5.9s)
[586/754] Processing 2394f6_0.tif | 36325x34966 | Label: CE
[586/754] Done 2394f6_0.tif - 1002 tiles saved (19.6s)
[587/754] Processing 33d071_0.tif | 9833x44310 | Label: CE
[587/754] Done 33d071_0.tif - 806 tiles saved (8.2s)
[588/754] Processing d7a20d_0.tif | 36364x28522 | Label: LAA
[588/754] Done d7a20d_0.tif - 184 tiles saved (14.9s)
[589/754] Processing 2bcdd9_0.tif | 22986x59923 | Label: LAA
[589/754] Done 2bcdd9_0.tif - 314 tiles saved (20.9s)
[590/754] Processing 2745fc_0.tif | 21962x45181 | Label: CE
[590/754] Done 2745fc_0.tif - 945 tiles saved (16.1s)
[591/754] Processing af7a93_0.tif | 8862x16657 | Label: CE
[591/754] Done af7a93_0.tif - 9 tiles saved (2.3s)
[592/754] Processing 244aeb_2.tif | 6880x5230 | Label: LAA
[592/754] Done 244aeb_2.tif - 0 tiles saved (1.7s)
[593/754] Processing 81092a_0.tif | 26370x43312 | Label: CE
[593/754] Done 81092a_0.tif - 27 tiles saved (15.3s)
[594/754] Processing 634e2f_0.tif | 73777x29897 | Label: CE
[594/754] Done 634e2f_0.tif - 2468 tiles saved (40.6s)
[595/754] Processing bdf3c2_0.tif | 18719x29518 | Label: LAA
[595/754] Done bdf3c2_0.tif - 663 tiles saved (9.4s)
[596/754] Processing 69450f_0.tif | 18718x31366 | Label: CE
[596/754] Done 69450f_0.tif - 316 tiles saved (8.6s)
[597/754] Processing deec71_0.tif | 16452x35967 | Label: LAA
[597/754] Done deec71_0.tif - 281 tiles saved (9.3s)
[598/754] Processing 533a49_0.tif | 12107x29549 | Label: CE
[598/754] Done 533a49_0.tif - 380 tiles saved (5.9s)
[599/754] Processing dba56f_0.tif | 9987x10191 | Label: LAA
[599/754] Done dba56f_0.tif - 3 tiles saved (1.7s)
[600/754] Processing 827928_1.tif | 28504x59901 | Label: CE
[600/754] Done 827928_1.tif - 1375 tiles saved (27.6s)
[601/754] Processing 50ba15_0.tif | 25161x62672 | Label: LAA
[601/754] Done 50ba15_0.tif - 845 tiles saved (22.9s)
[602/754] Processing fd368e_0.tif | 24187x39637 | Label: LAA
[602/754] Done fd368e_0.tif - 1124 tiles saved (16.1s)
[603/754] Processing 957643_0.tif | 9885x32323 | Label: CE
[603/754] Done 957643_0.tif - 287 tiles saved (5.2s)
[604/754] Processing 56d177_0.tif | 14185x20499 | Label: CE
[604/754] Done 56d177_0.tif - 9 tiles saved (4.0s)
[605/754] Processing e72352_0.tif | 18178x68752 | Label: CE
[605/754] Done e72352_0.tif - 5 tiles saved (17.1s)
[606/754] Processing 9e06cb_0.tif | 11127x21342 | Label: LAA
[606/754] Done 9e06cb_0.tif - 0 tiles saved (4.7s)
[607/754] Processing aeb3bd_0.tif | 12099x30469 | Label: LAA
[607/754] Done aeb3bd_0.tif - 566 tiles saved (7.0s)
[608/754] Processing df4c9c_0.tif | 11030x24022 | Label: CE
[608/754] Done df4c9c_0.tif - 153 tiles saved (8.3s)
[609/754] Processing fbdcde_1.tif | 87735x37404 | Label: LAA
[609/754] Done fbdcde_1.tif - 3589 tiles saved (60.2s)
[610/754] Processing b6fffe_0.tif | 9888x32324 | Label: CE
[610/754] Done b6fffe_0.tif - 528 tiles saved (6.0s)
[611/754] Processing 129102_0.tif | 12150x21253 | Label: CE
[611/754] Done 129102_0.tif - 606 tiles saved (5.5s)
[612/754] Processing 19b036_1.tif | 18574x58096 | Label: CE
[612/754] Done 19b036_1.tif - 348 tiles saved (15.3s)
[613/754] Processing 86e319_0.tif | 13238x23089 | Label: CE
[613/754] Done 86e319_0.tif - 35 tiles saved (5.3s)
[614/754] Processing d8db68_0.tif | 24194x37792 | Label: LAA
[614/754] Done d8db68_0.tif - 672 tiles saved (14.0s)
[615/754] Processing 214cfa_1.tif | 22838x84808 | Label: CE
[615/754] Done 214cfa_1.tif - 1805 tiles saved (30.9s)
[616/754] Processing 23d2c1_0.tif | 17514x49804 | Label: CE
[616/754] Done 23d2c1_0.tif - 1552 tiles saved (16.4s)
[617/754] Processing f115aa_0.tif | 13087x52590 | Label: CE
[617/754] Done f115aa_0.tif - 29 tiles saved (9.3s)
[618/754] Processing caf901_0.tif | 24233x25791 | Label: CE
[618/754] Done caf901_0.tif - 150 tiles saved (12.3s)
[619/754] Processing e3e850_0.tif | 99699x23300 | Label: LAA
[619/754] Done e3e850_0.tif - 609 tiles saved (34.8s)
[620/754] Processing 516e18_0.tif | 14317x25844 | Label: CE
[620/754] Done 516e18_0.tif - 459 tiles saved (6.3s)
[621/754] Processing b21b87_0.tif | 9004x59050 | Label: CE
[621/754] Done b21b87_0.tif - 80 tiles saved (10.4s)
[622/754] Processing a4c877_3.tif | 24108x57155 | Label: CE
[622/754] Done a4c877_3.tif - 1823 tiles saved (24.1s)
[623/754] Processing 3cbdf3_0.tif | 55831x8724 | Label: CE
[623/754] Done 3cbdf3_0.tif - 51 tiles saved (7.5s)
[624/754] Processing defd00_0.tif | 31723x76477 | Label: LAA
[624/754] Done defd00_0.tif - 1185 tiles saved (35.5s)
[625/754] Processing 6f6e0c_0.tif | 18772x17529 | Label: LAA
[625/754] Done 6f6e0c_0.tif - 381 tiles saved (5.9s)
[626/754] Processing a4c7df_0.tif | 30732x55283 | Label: LAA
[626/754] Done a4c7df_0.tif - 853 tiles saved (25.4s)
[627/754] Processing 6f9575_0.tif | 24888x56505 | Label: CE
[627/754] Done 6f9575_0.tif - 43 tiles saved (18.4s)
[628/754] Processing 41db5b_0.tif | 18662x39655 | Label: LAA
[628/754] Done 41db5b_0.tif - 857 tiles saved (13.2s)
[629/754] Processing e9c181_0.tif | 10984x34164 | Label: CE
[629/754] Done e9c181_0.tif - 69 tiles saved (6.0s)
[630/754] Processing c12836_1.tif | 25311x32246 | Label: CE
[630/754] Done c12836_1.tif - 801 tiles saved (13.1s)
[631/754] Processing 0aff58_0.tif | 7305x23451 | Label: CE
[631/754] Done 0aff58_0.tif - 143 tiles saved (4.7s)
[632/754] Processing c30f14_1.tif | 17602x33212 | Label: CE
[632/754] Done c30f14_1.tif - 123 tiles saved (8.5s)
[633/754] Processing f9fc6b_0.tif | 38398x65388 | Label: LAA
[633/754] Done f9fc6b_0.tif - 539 tiles saved (34.4s)
[634/754] Processing dbd64b_0.tif | 9174x7845 | Label: CE
[634/754] Done dbd64b_0.tif - 130 tiles saved (1.9s)
[635/754] Processing 6c4b62_0.tif | 17507x55342 | Label: LAA
[635/754] Done 6c4b62_0.tif - 422 tiles saved (14.6s)
[636/754] Processing 437435_0.tif | 12402x28934 | Label: CE
[636/754] Done 437435_0.tif - 152 tiles saved (7.9s)
[637/754] Processing c01d28_0.tif | 24235x29497 | Label: CE
[637/754] Done c01d28_0.tif - 841 tiles saved (13.2s)
[638/754] Processing 395ea0_0.tif | 14266x36910 | Label: CE
[638/754] Done 395ea0_0.tif - 275 tiles saved (8.0s)
[639/754] Processing 83bfad_0.tif | 15350x43364 | Label: CE
[639/754] Done 83bfad_0.tif - 332 tiles saved (9.7s)
[640/754] Processing f1f952_0.tif | 8069x23367 | Label: CE
[640/754] Done f1f952_0.tif - 32 tiles saved (3.2s)
[641/754] Processing f40c69_2.tif | 25227x53462 | Label: LAA
[641/754] Done f40c69_2.tif - 56 tiles saved (18.4s)
[642/754] Processing dc8f86_1.tif | 16421x51659 | Label: CE
[642/754] Done dc8f86_1.tif - 1005 tiles saved (14.2s)
[643/754] Processing 5fde88_0.tif | 9835x45234 | Label: LAA
[643/754] Done 5fde88_0.tif - 44 tiles saved (6.2s)
[644/754] Processing c32d76_2.tif | 20811x30369 | Label: CE
[644/754] Done c32d76_2.tif - 93 tiles saved (11.7s)
[645/754] Processing 12c8c9_0.tif | 18348x30706 | Label: CE
[645/754] Done 12c8c9_0.tif - 227 tiles saved (8.3s)
[646/754] Processing 3152c0_0.tif | 6710x28260 | Label: CE
[646/754] Done 3152c0_0.tif - 77 tiles saved (3.0s)
[647/754] Processing 509042_0.tif | 31735x71863 | Label: CE
[647/754] Done 509042_0.tif - 1018 tiles saved (33.4s)
[648/754] Processing 3d10be_4.tif | 7645x9954 | Label: CE
[648/754] Done 3d10be_4.tif - 0 tiles saved (2.2s)
[649/754] Processing 3d10be_2.tif | 17696x13857 | Label: CE
[649/754] Done 3d10be_2.tif - 0 tiles saved (6.8s)
[650/754] Processing 36a149_0.tif | 47855x38020 | Label: CE
[650/754] Done 36a149_0.tif - 214 tiles saved (25.0s)
[651/754] Processing e0cfd5_0.tif | 17588x35977 | Label: CE
[651/754] Done e0cfd5_0.tif - 747 tiles saved (10.8s)
[652/754] Processing 3bfe64_0.tif | 21661x66221 | Label: CE
[652/754] Done 3bfe64_0.tif - 347 tiles saved (20.0s)
[653/754] Processing 5d4b88_1.tif | 13761x30031 | Label: CE
[653/754] Done 5d4b88_1.tif - 162 tiles saved (9.2s)
[654/754] Processing fdce0f_2.tif | 11101x8345 | Label: CE
[654/754] Done fdce0f_2.tif - 120 tiles saved (1.8s)
[655/754] Processing d36b5f_0.tif | 20884x34107 | Label: CE
[655/754] Done d36b5f_0.tif - 465 tiles saved (11.1s)
[656/754] Processing fdf998_1.tif | 25379x18417 | Label: CE
[656/754] Done fdf998_1.tif - 615 tiles saved (9.1s)
[657/754] Processing 0b7871_0.tif | 26445x27641 | Label: CE
[657/754] Done 0b7871_0.tif - 632 tiles saved (13.5s)
[658/754] Processing 032f10_0.tif | 6598x28652 | Label: CE
[658/754] Done 032f10_0.tif - 230 tiles saved (3.4s)
[659/754] Processing 9f7649_1.tif | 13089x56282 | Label: LAA
[659/754] Done 9f7649_1.tif - 640 tiles saved (11.6s)
[660/754] Processing 9fd56b_0.tif | 27347x68197 | Label: CE
[660/754] Done 9fd56b_0.tif - 421 tiles saved (25.9s)
[661/754] Processing e3a24f_0.tif | 41681x67208 | Label: CE
[661/754] Done e3a24f_0.tif - 2209 tiles saved (44.9s)
[662/754] Processing d20177_0.tif | 12062x69089 | Label: CE
[662/754] Done d20177_0.tif - 368 tiles saved (12.0s)
[663/754] Processing 9f305c_0.tif | 10533x9532 | Label: CE
[663/754] Done 9f305c_0.tif - 34 tiles saved (3.3s)
[664/754] Processing 8781e2_0.tif | 16478x36903 | Label: CE
[664/754] Done 8781e2_0.tif - 283 tiles saved (8.8s)
[665/754] Processing 3982bf_0.tif | 91723x37337 | Label: LAA
[665/754] Done 3982bf_0.tif - 4138 tiles saved (63.2s)
[666/754] Processing eebf8d_1.tif | 14336x24930 | Label: CE
[666/754] Done eebf8d_1.tif - 304 tiles saved (5.6s)
[667/754] Processing adc6e3_0.tif | 14316x26768 | Label: LAA
[667/754] Done adc6e3_0.tif - 611 tiles saved (7.1s)
[668/754] Processing dc8f86_0.tif | 13185x33229 | Label: CE
[668/754] Done dc8f86_0.tif - 972 tiles saved (9.1s)
[669/754] Processing c61b26_0.tif | 9999x7422 | Label: CE
[669/754] Done c61b26_0.tif - 144 tiles saved (2.9s)
[670/754] Processing 45a0e5_1.tif | 15410x29532 | Label: CE
[670/754] Done 45a0e5_1.tif - 0 tiles saved (6.2s)
[671/754] Processing 5fdff2_0.tif | 24125x51619 | Label: LAA
[671/754] Done 5fdff2_0.tif - 668 tiles saved (18.3s)
[672/754] Processing 3bc9c9_0.tif | 30675x64495 | Label: CE
[672/754] Done 3bc9c9_0.tif - 1201 tiles saved (29.7s)
[673/754] Processing 20d5cf_0.tif | 11032x24946 | Label: CE
[673/754] Done 20d5cf_0.tif - 102 tiles saved (4.1s)
[674/754] Processing cb1293_0.tif | 93717x33084 | Label: LAA
[674/754] Done cb1293_0.tif - 3222 tiles saved (57.2s)
[675/754] Processing fd684f_0.tif | 36163x73699 | Label: LAA
[675/754] Done fd684f_0.tif - 2802 tiles saved (44.1s)
[676/754] Processing 802de5_0.tif | 16364x62721 | Label: CE
[676/754] Done 802de5_0.tif - 777 tiles saved (15.8s)
[677/754] Processing 33d2a7_0.tif | 21991x37803 | Label: CE
[677/754] Done 33d2a7_0.tif - 1268 tiles saved (15.0s)
[678/754] Processing 0cc0bc_0.tif | 8880x12045 | Label: CE
[678/754] Done 0cc0bc_0.tif - 130 tiles saved (4.4s)
[679/754] Processing 0d93ce_0.tif | 59819x33395 | Label: CE
[679/754] Done 0d93ce_0.tif - 948 tiles saved (33.3s)
[680/754] Processing 856ae6_0.tif | 13166x27585 | Label: CE
[680/754] Done 856ae6_0.tif - 37 tiles saved (6.2s)
[681/754] Processing f1f952_1.tif | 16224x34586 | Label: CE
[681/754] Done f1f952_1.tif - 91 tiles saved (9.7s)
[682/754] Processing a45b72_0.tif | 13197x29538 | Label: CE
[682/754] Done a45b72_0.tif - 310 tiles saved (6.3s)
[683/754] Processing 54838a_0.tif | 9892x33249 | Label: LAA
[683/754] Done 54838a_0.tif - 523 tiles saved (6.1s)
[684/754] Processing 91b9d3_1.tif | 13081x46312 | Label: LAA
[684/754] Done 91b9d3_1.tif - 5 tiles saved (8.2s)
[685/754] Processing c32d76_1.tif | 22012x31343 | Label: CE
[685/754] Done c32d76_1.tif - 172 tiles saved (9.7s)
[686/754] Processing 69d655_0.tif | 21901x55317 | Label: LAA
[686/754] Done 69d655_0.tif - 771 tiles saved (18.3s)
[687/754] Processing f40c69_3.tif | 25311x32247 | Label: LAA
[687/754] Done f40c69_3.tif - 88 tiles saved (10.7s)
[688/754] Processing 9874eb_0.tif | 30599x112548 | Label: CE
[688/754] Done 9874eb_0.tif - 3466 tiles saved (57.1s)
[689/754] Processing 1db82d_0.tif | 17592x35055 | Label: LAA
[689/754] Done 1db82d_0.tif - 4 tiles saved (9.2s)
[690/754] Processing fd3079_0.tif | 17073x22523 | Label: CE
[690/754] Done fd3079_0.tif - 0 tiles saved (5.5s)
[691/754] Processing a59c0d_1.tif | 22975x64537 | Label: CE
[691/754] Done a59c0d_1.tif - 154 tiles saved (21.0s)
[692/754] Processing ebce5d_0.tif | 12110x29550 | Label: CE
[692/754] Done ebce5d_0.tif - 277 tiles saved (5.9s)
[693/754] Processing 1f9d4f_1.tif | 19753x45189 | Label: CE
[693/754] Done 1f9d4f_1.tif - 970 tiles saved (15.0s)
[694/754] Processing e26a04_1.tif | 16649x22354 | Label: LAA
[694/754] Done e26a04_1.tif - 197 tiles saved (9.9s)
[695/754] Processing fbdcde_0.tif | 89729x30983 | Label: LAA
[695/754] Done fbdcde_0.tif - 4880 tiles saved (57.8s)
[696/754] Processing dd05a2_0.tif | 24168x45172 | Label: CE
[696/754] Done dd05a2_0.tif - 1480 tiles saved (18.9s)
[697/754] Processing 820c9f_0.tif | 32951x51584 | Label: CE
[697/754] Done 820c9f_0.tif - 1138 tiles saved (26.4s)
[698/754] Processing 99c5c8_0.tif | 39557x75617 | Label: CE
[698/754] Done 99c5c8_0.tif - 4882 tiles saved (53.7s)
[699/754] Processing 1d1bf0_0.tif | 17594x34132 | Label: CE
[699/754] Done 1d1bf0_0.tif - 559 tiles saved (10.0s)
[700/754] Processing 2b49d6_0.tif | 8579x7929 | Label: CE
[700/754] Done 2b49d6_0.tif - 0 tiles saved (1.3s)
[701/754] Processing 86696d_0.tif | 29614x59900 | Label: CE
[701/754] Done 86696d_0.tif - 2513 tiles saved (31.8s)
[702/754] Processing 65fe16_0.tif | 14695x20414 | Label: LAA
[702/754] Done 65fe16_0.tif - 2 tiles saved (4.4s)
[703/754] Processing 4f6fb1_0.tif | 17581x36898 | Label: CE
[703/754] Done 4f6fb1_0.tif - 703 tiles saved (11.0s)
[704/754] Processing 7f2ee2_0.tif | 16617x6465 | Label: CE
[704/754] Done 7f2ee2_0.tif - 427 tiles saved (2.8s)
[705/754] Processing 9010a1_0.tif | 18641x48884 | Label: LAA
[705/754] Done 9010a1_0.tif - 991 tiles saved (15.0s)
[706/754] Processing b8ef90_0.tif | 15364x40598 | Label: CE
[706/754] Done b8ef90_0.tif - 1235 tiles saved (12.6s)
[707/754] Processing cc73c0_0.tif | 59819x13395 | Label: CE
[707/754] Done cc73c0_0.tif - 401 tiles saved (14.6s)
[708/754] Processing 0b7cc8_0.tif | 11100x10197 | Label: CE
[708/754] Done 0b7cc8_0.tif - 68 tiles saved (2.1s)
[709/754] Processing 251bfc_0.tif | 10533x48674 | Label: CE
[709/754] Done 251bfc_0.tif - 453 tiles saved (8.3s)
[710/754] Processing 6fac27_0.tif | 4756x16787 | Label: LAA
[710/754] Done 6fac27_0.tif - 35 tiles saved (1.7s)
[711/754] Processing cb2534_0.tif | 31935x30374 | Label: CE
[711/754] Done cb2534_0.tif - 106 tiles saved (14.8s)
[712/754] Processing 41b4ea_0.tif | 14304x33231 | Label: LAA
[712/754] Done 41b4ea_0.tif - 232 tiles saved (7.3s)
[713/754] Processing 46def4_0.tif | 9825x39693 | Label: CE
[713/754] Done 46def4_0.tif - 356 tiles saved (6.6s)
[714/754] Processing f95d8b_1.tif | 23069x42406 | Label: CE
[714/754] Done f95d8b_1.tif - 706 tiles saved (16.0s)
[715/754] Processing 5c92f8_0.tif | 30788x39599 | Label: CE
[715/754] Done 5c92f8_0.tif - 861 tiles saved (18.6s)
[716/754] Processing 8cf32b_0.tif | 10618x15943 | Label: LAA
[716/754] Done 8cf32b_0.tif - 136 tiles saved (2.8s)
[717/754] Processing 0df5f8_0.tif | 18690x35972 | Label: CE
[717/754] Done 0df5f8_0.tif - 169 tiles saved (9.7s)
[718/754] Processing e316dd_1.tif | 22037x25810 | Label: CE
[718/754] Done e316dd_1.tif - 0 tiles saved (8.0s)
[719/754] Processing cb4f8e_0.tif | 21857x65460 | Label: LAA
[719/754] Done cb4f8e_0.tif - 2087 tiles saved (25.4s)
[720/754] Processing 0a47c9_0.tif | 47270x53364 | Label: LAA
[720/754] Done 0a47c9_0.tif - 3937 tiles saved (46.6s)
[721/754] Processing 0a3ad1_0.tif | 25283x38703 | Label: LAA
[721/754] Done 0a3ad1_0.tif - 1067 tiles saved (16.5s)
[722/754] Processing 2b7304_0.tif | 18571x63635 | Label: LAA
[722/754] Done 2b7304_0.tif - 848 tiles saved (18.5s)
[723/754] Processing 1b86c5_0.tif | 9920x24947 | Label: CE
[723/754] Done 1b86c5_0.tif - 385 tiles saved (4.6s)
[724/754] Processing 907f7b_0.tif | 17558x43355 | Label: CE
[724/754] Done 907f7b_0.tif - 1624 tiles saved (15.4s)
[725/754] Processing 282d0a_0.tif | 12084x34158 | Label: CE
[725/754] Done 282d0a_0.tif - 403 tiles saved (6.8s)
[726/754] Processing 845d82_0.tif | 35062x71857 | Label: LAA
[726/754] Done 845d82_0.tif - 4094 tiles saved (46.7s)
[727/754] Processing 65aadd_0.tif | 23085x38717 | Label: CE
[727/754] Done 65aadd_0.tif - 1278 tiles saved (16.0s)
[728/754] Processing 2e3749_0.tif | 15426x24918 | Label: CE
[728/754] Done 2e3749_0.tif - 179 tiles saved (5.7s)
[729/754] Processing 623f89_0.tif | 49849x12803 | Label: CE
[729/754] Done 623f89_0.tif - 440 tiles saved (11.0s)
[730/754] Processing 288156_0.tif | 97705x31890 | Label: CE
[730/754] Done 288156_0.tif - 2739 tiles saved (56.2s)
[731/754] Processing ebb225_0.tif | 19715x54410 | Label: CE
[731/754] Done ebb225_0.tif - 1565 tiles saved (19.7s)
[732/754] Processing 1ef6da_0.tif | 26295x58985 | Label: CE
[732/754] Done 1ef6da_0.tif - 2452 tiles saved (29.2s)
[733/754] Processing c1b288_0.tif | 25341x23010 | Label: CE
[733/754] Done c1b288_0.tif - 0 tiles saved (8.1s)
[734/754] Processing a4c877_1.tif | 11297x56098 | Label: CE
[734/754] Done a4c877_1.tif - 218 tiles saved (9.2s)
[735/754] Processing d923a7_0.tif | 18566x61787 | Label: CE
[735/754] Done d923a7_0.tif - 815 tiles saved (18.6s)
[736/754] Processing 8408a6_0.tif | 8888x10199 | Label: CE
[736/754] Done 8408a6_0.tif - 246 tiles saved (2.2s)
[737/754] Processing 8f71df_0.tif | 26352x46075 | Label: LAA
[737/754] Done 8f71df_0.tif - 10 tiles saved (17.5s)
[738/754] Processing 245758_0.tif | 69789x34143 | Label: LAA
[738/754] Done 245758_0.tif - 1706 tiles saved (52.2s)
[739/754] Processing d13031_0.tif | 18741x23983 | Label: CE
[739/754] Done d13031_0.tif - 588 tiles saved (22.5s)
[740/754] Processing f58fcb_0.tif | 63807x27302 | Label: CE
[740/754] Done f58fcb_0.tif - 2405 tiles saved (31.2s)
[741/754] Processing 56d177_1.tif | 16490x34136 | Label: CE
[741/754] Done 56d177_1.tif - 156 tiles saved (8.0s)
[742/754] Processing 5f0b6f_0.tif | 13213x28621 | Label: CE
[742/754] Done 5f0b6f_0.tif - 111 tiles saved (7.5s)
[743/754] Processing ae26ae_0.tif | 24118x52540 | Label: CE
[743/754] Done ae26ae_0.tif - 1826 tiles saved (22.5s)
[744/754] Processing 7fa91f_1.tif | 7786x10206 | Label: CE
[744/754] Done 7fa91f_1.tif - 0 tiles saved (1.4s)
[745/754] Processing 4a4043_0.tif | 26345x46996 | Label: CE
[745/754] Done 4a4043_0.tif - 1911 tiles saved (22.1s)
[746/754] Processing d33b23_0.tif | 19789x36890 | Label: CE
[746/754] Done d33b23_0.tif - 467 tiles saved (11.3s)
[747/754] Processing abc682_0.tif | 7899x50699 | Label: LAA
[747/754] Done abc682_0.tif - 233 tiles saved (6.0s)
[748/754] Processing 658beb_1.tif | 34142x31293 | Label: CE
[748/754] Done 658beb_1.tif - 435 tiles saved (15.7s)
[749/754] Processing 6747be_0.tif | 21974x39642 | Label: CE
[749/754] Done 6747be_0.tif - 90 tiles saved (11.7s)
[750/754] Processing 72df9e_1.tif | 23038x41464 | Label: CE
[750/754] Done 72df9e_1.tif - 579 tiles saved (14.1s)
[751/754] Processing 9fdc31_0.tif | 14312x30463 | Label: CE
[751/754] Done 9fdc31_0.tif - 650 tiles saved (7.7s)
[752/754] Processing 652471_0.tif | 15399x33223 | Label: CE
[752/754] Done 652471_0.tif - 387 tiles saved (7.9s)
[753/754] Processing 09644e_3.tif | 21951x43327 | Label: CE
[753/754] Done 09644e_3.tif - 927 tiles saved (14.9s)
[754/754] Processing c3a1a5_0.tif | 14382x13862 | Label: CE
[754/754] Done c3a1a5_0.tif - 316 tiles saved (3.7s)
Preprocessing completed successfully!

Preprocessing finished!
============================================================
Copying tiles to /raid for fast access during training...
Running training script, reading from /raid/users/inf151561/sol3_job_783417/train_tiles...
====================
     Rozpoczynanie Treningu
====================
